WARNING:tensorflow:From /Users/emil/opt/anaconda3/envs/emilsenv/lib/python3.10/site-packages/tensorflow/python/compat/v2_compat.py:107: disable_resource_variables (from tensorflow.python.ops.variable_scope) is deprecated and will be removed in a future version.
Instructions for updating:
non-resource variables are not supported in the long term
/Users/emil/opt/anaconda3/envs/emilsenv/lib/python3.10/site-packages/tensorflow/python/keras/engine/base_layer_v1.py:1694: UserWarning: `layer.apply` is deprecated and will be removed in a future version. Please use `layer.__call__` method instead.
  warnings.warn('`layer.apply` is deprecated and '
defaultdict(<function <lambda> at 0x7f8365559f30>, {1: defaultdict(<function <lambda>.<locals>.<lambda> at 0x7f8365559e10>, {2: defaultdict(<function <lambda>.<locals>.<lambda>.<locals>.<lambda> at 0x7f8365559cf0>, {0: [1, 2], 1: [1, 3, 2], 2: [1, 8, 7, 5, 4, 2], 3: [1, 3, 6, 5, 4, 2], 4: [1, 8, 9, 12, 11, 4, 2], 5: [1, 8, 9, 13, 11, 4, 2], 6: [1, 8, 9, 10, 7, 5, 4, 2], 7: [1, 8, 9, 13, 14, 12, 11, 4, 2], 8: [1, 8, 7, 5, 6, 3, 2], 9: [1, 8, 9, 12, 14, 13, 11, 4, 2]}), 3: defaultdict(<function <lambda>.<locals>.<lambda>.<locals>.<lambda> at 0x7f8365559c60>, {0: [1, 3], 1: [1, 2, 3], 2: [1, 2, 4, 5, 6, 3], 3: [1, 8, 7, 5, 4, 2, 3], 4: [1, 8, 9, 10, 6, 3], 5: [1, 8, 7, 5, 6, 3], 6: [1, 2, 4, 5, 7, 10, 6, 3], 7: [1, 8, 9, 13, 14, 6, 3], 8: [1, 8, 7, 10, 6, 3], 9: [1, 8, 9, 12, 14, 6, 3]}), 4: defaultdict(<function <lambda>.<locals>.<lambda>.<locals>.<lambda> at 0x7f8365559bd0>, {0: [1, 2, 4], 1: [1, 3, 2, 4], 2: [1, 8, 7, 5, 4], 3: [1, 3, 6, 5, 4], 4: [1, 2, 3, 6, 5, 4], 5: [1, 8, 9, 12, 11, 4], 6: [1, 8, 9, 13, 11, 4], 7: [1, 8, 9, 10, 7, 5, 4], 8: [1, 8, 9, 13, 14, 12, 11, 4], 9: [1, 8, 9, 12, 14, 13, 11, 4]}), 5: defaultdict(<function <lambda>.<locals>.<lambda>.<locals>.<lambda> at 0x7f8365559b40>, {0: [1, 2, 4, 5], 1: [1, 3, 2, 4, 5], 2: [1, 8, 7, 5], 3: [1, 3, 6, 5], 4: [1, 2, 3, 6, 5], 5: [1, 8, 9, 10, 7, 5], 6: [1, 8, 9, 10, 6, 5], 7: [1, 3, 6, 10, 7, 5], 8: [1, 2, 3, 6, 10, 7, 5], 9: [1, 8, 9, 13, 14, 6, 5]}), 6: defaultdict(<function <lambda>.<locals>.<lambda>.<locals>.<lambda> at 0x7f8365559ab0>, {0: [1, 3, 6], 1: [1, 2, 3, 6], 2: [1, 2, 4, 5, 6], 3: [1, 3, 2, 4, 5, 6], 4: [1, 8, 7, 5, 6], 5: [1, 8, 9, 10, 6], 6: [1, 2, 4, 5, 7, 10, 6], 7: [1, 8, 9, 13, 14, 6], 8: [1, 8, 7, 10, 6], 9: [1, 8, 9, 12, 14, 6]}), 7: defaultdict(<function <lambda>.<locals>.<lambda>.<locals>.<lambda> at 0x7f8365559a20>, {0: [1, 2, 4, 5, 7], 1: [1, 8, 7], 2: [1, 3, 2, 4, 5, 7], 3: [1, 3, 6, 5, 7], 4: [1, 2, 3, 6, 5, 7], 5: [1, 8, 9, 10, 7], 6: [1, 3, 6, 10, 7], 7: [1, 2, 3, 6, 10, 7], 8: [1, 2, 4, 5, 6, 10, 7], 9: [1, 2, 4, 11, 12, 9, 8, 7]}), 8: defaultdict(<function <lambda>.<locals>.<lambda>.<locals>.<lambda> at 0x7f8365559990>, {0: [1, 8], 1: [1, 2, 4, 5, 7, 8], 2: [1, 3, 2, 4, 5, 7, 8], 3: [1, 2, 4, 11, 12, 9, 8], 4: [1, 2, 4, 11, 13, 9, 8], 5: [1, 2, 4, 5, 7, 10, 9, 8], 6: [1, 3, 6, 5, 7, 8], 7: [1, 2, 4, 11, 12, 14, 13, 9, 8], 8: [1, 3, 6, 10, 9, 8], 9: [1, 2, 3, 6, 5, 7, 8]}), 9: defaultdict(<function <lambda>.<locals>.<lambda>.<locals>.<lambda> at 0x7f8365559900>, {0: [1, 8, 9], 1: [1, 2, 4, 5, 7, 8, 9], 2: [1, 2, 4, 11, 12, 9], 3: [1, 2, 4, 11, 13, 9], 4: [1, 3, 6, 10, 9], 5: [1, 2, 4, 5, 7, 10, 9], 6: [1, 2, 4, 11, 12, 14, 13, 9], 7: [1, 8, 7, 10, 9], 8: [1, 2, 3, 6, 10, 9], 9: [1, 2, 4, 11, 13, 14, 12, 9]}), 10: defaultdict(<function <lambda>.<locals>.<lambda>.<locals>.<lambda> at 0x7f8365559870>, {0: [1, 8, 9, 10], 1: [1, 2, 4, 5, 7, 10], 2: [1, 3, 6, 10], 3: [1, 8, 7, 10], 4: [1, 2, 3, 6, 10], 5: [1, 2, 4, 5, 6, 10], 6: [1, 2, 4, 5, 7, 8, 9, 10], 7: [1, 2, 4, 11, 12, 9, 10], 8: [1, 3, 2, 4, 5, 7, 10], 9: [1, 2, 4, 11, 13, 9, 10]}), 11: defaultdict(<function <lambda>.<locals>.<lambda>.<locals>.<lambda> at 0x7f83655597e0>, {0: [1, 2, 4, 11], 1: [1, 8, 9, 12, 11], 2: [1, 8, 9, 13, 11], 3: [1, 8, 9, 13, 14, 12, 11], 4: [1, 8, 9, 12, 14, 13, 11], 5: [1, 3, 2, 4, 11], 6: [1, 2, 4, 5, 7, 8, 9, 12, 11], 7: [1, 2, 4, 5, 7, 8, 9, 13, 11], 8: [1, 2, 4, 5, 7, 8, 9, 13, 14, 12, 11], 9: [1, 3, 6, 14, 13, 11]}), 12: defaultdict(<function <lambda>.<locals>.<lambda>.<locals>.<lambda> at 0x7f8365559750>, {0: [1, 8, 9, 12], 1: [1, 8, 9, 13, 14, 12], 2: [1, 2, 4, 11, 12], 3: [1, 8, 9, 13, 11, 12], 4: [1, 2, 4, 5, 7, 8, 9, 12], 5: [1, 2, 4, 11, 13, 14, 12], 6: [1, 2, 4, 11, 13, 9, 12], 7: [1, 2, 4, 5, 7, 8, 9, 13, 14, 12], 8: [1, 3, 2, 4, 11, 12], 9: [1, 2, 4, 5, 7, 10, 9, 12]}), 13: defaultdict(<function <lambda>.<locals>.<lambda>.<locals>.<lambda> at 0x7f83655596c0>, {0: [1, 8, 9, 13], 1: [1, 8, 9, 12, 14, 13], 2: [1, 2, 4, 11, 13], 3: [1, 8, 9, 12, 11, 13], 4: [1, 2, 4, 5, 7, 8, 9, 13], 5: [1, 2, 4, 11, 12, 14, 13], 6: [1, 2, 4, 11, 12, 9, 13], 7: [1, 3, 6, 14, 13], 8: [1, 2, 4, 5, 7, 8, 9, 12, 14, 13], 9: [1, 2, 3, 6, 14, 13]}), 14: defaultdict(<function <lambda>.<locals>.<lambda>.<locals>.<lambda> at 0x7f8365559630>, {0: [1, 8, 9, 13, 14], 1: [1, 8, 9, 12, 14], 2: [1, 2, 4, 11, 12, 14], 3: [1, 2, 4, 11, 13, 14], 4: [1, 8, 9, 12, 11, 13, 14], 5: [1, 2, 4, 5, 7, 8, 9, 13, 14], 6: [1, 8, 9, 13, 11, 12, 14], 7: [1, 3, 6, 14], 8: [1, 2, 4, 11, 12, 9, 13, 14], 9: [1, 2, 4, 5, 7, 8, 9, 12, 14]})}), 2: defaultdict(<function <lambda>.<locals>.<lambda> at 0x7f83655595a0>, {1: defaultdict(<function <lambda>.<locals>.<lambda>.<locals>.<lambda> at 0x7f8365559510>, {0: [2, 1], 1: [2, 3, 1], 2: [2, 4, 5, 7, 8, 1], 3: [2, 4, 5, 6, 3, 1], 4: [2, 4, 11, 12, 9, 8, 1], 5: [2, 4, 11, 13, 9, 8, 1], 6: [2, 4, 5, 7, 10, 9, 8, 1], 7: [2, 4, 11, 12, 14, 13, 9, 8, 1], 8: [2, 3, 6, 5, 7, 8, 1], 9: [2, 4, 11, 13, 14, 12, 9, 8, 1]}), 3: defaultdict(<function <lambda>.<locals>.<lambda>.<locals>.<lambda> at 0x7f8365559480>, {0: [2, 3], 1: [2, 1, 3], 2: [2, 4, 5, 6, 3], 3: [2, 4, 5, 7, 10, 6, 3], 4: [2, 4, 5, 7, 8, 1, 3], 5: [2, 4, 5, 7, 8, 9, 10, 6, 3], 6: [2, 4, 11, 12, 14, 6, 3], 7: [2, 4, 11, 13, 14, 6, 3], 8: [2, 4, 11, 12, 9, 10, 6, 3], 9: [2, 4, 11, 13, 9, 10, 6, 3]}), 4: defaultdict(<function <lambda>.<locals>.<lambda>.<locals>.<lambda> at 0x7f83655593f0>, {0: [2, 4], 1: [2, 3, 6, 5, 4], 2: [2, 1, 8, 7, 5, 4], 3: [2, 3, 6, 10, 7, 5, 4], 4: [2, 1, 3, 6, 5, 4], 5: [2, 3, 1, 8, 7, 5, 4], 6: [2, 3, 6, 10, 9, 8, 7, 5, 4], 7: [2, 1, 8, 9, 12, 11, 4], 8: [2, 3, 6, 14, 13, 11, 4], 9: [2, 3, 6, 10, 9, 12, 11, 4]}), 5: defaultdict(<function <lambda>.<locals>.<lambda>.<locals>.<lambda> at 0x7f8365559360>, {0: [2, 4, 5], 1: [2, 3, 6, 5], 2: [2, 1, 8, 7, 5], 3: [2, 3, 6, 10, 7, 5], 4: [2, 1, 3, 6, 5], 5: [2, 4, 11, 12, 9, 8, 7, 5], 6: [2, 3, 1, 8, 7, 5], 7: [2, 4, 11, 13, 9, 8, 7, 5], 8: [2, 4, 11, 12, 14, 13, 9, 8, 7, 5], 9: [2, 3, 6, 10, 9, 8, 7, 5]}), 6: defaultdict(<function <lambda>.<locals>.<lambda>.<locals>.<lambda> at 0x7f83655592d0>, {0: [2, 3, 6], 1: [2, 4, 5, 6], 2: [2, 1, 3, 6], 3: [2, 4, 5, 7, 10, 6], 4: [2, 4, 5, 7, 8, 9, 10, 6], 5: [2, 4, 11, 12, 14, 6], 6: [2, 4, 11, 13, 14, 6], 7: [2, 4, 11, 12, 9, 10, 6], 8: [2, 4, 11, 13, 9, 10, 6], 9: [2, 4, 5, 7, 8, 9, 13, 14, 6]}), 7: defaultdict(<function <lambda>.<locals>.<lambda>.<locals>.<lambda> at 0x7f8365559240>, {0: [2, 4, 5, 7], 1: [2, 1, 8, 7], 2: [2, 3, 6, 5, 7], 3: [2, 3, 6, 10, 7], 4: [2, 4, 5, 6, 10, 7], 5: [2, 4, 11, 12, 9, 8, 7], 6: [2, 3, 1, 8, 7], 7: [2, 4, 11, 13, 9, 8, 7], 8: [2, 4, 11, 12, 14, 13, 9, 8, 7], 9: [2, 3, 6, 10, 9, 8, 7]}), 8: defaultdict(<function <lambda>.<locals>.<lambda>.<locals>.<lambda> at 0x7f83655591b0>, {0: [2, 4, 5, 7, 8], 1: [2, 1, 8], 2: [2, 4, 11, 12, 9, 8], 3: [2, 3, 1, 8], 4: [2, 4, 11, 13, 9, 8], 5: [2, 4, 5, 7, 10, 9, 8], 6: [2, 4, 11, 12, 14, 13, 9, 8], 7: [2, 3, 6, 5, 7, 8], 8: [2, 4, 11, 13, 14, 12, 9, 8], 9: [2, 3, 6, 10, 9, 8]}), 9: defaultdict(<function <lambda>.<locals>.<lambda>.<locals>.<lambda> at 0x7f8365559120>, {0: [2, 4, 5, 7, 8, 9], 1: [2, 4, 11, 12, 9], 2: [2, 4, 11, 13, 9], 3: [2, 4, 5, 7, 10, 9], 4: [2, 4, 11, 12, 14, 13, 9], 5: [2, 1, 8, 9], 6: [2, 4, 11, 13, 14, 12, 9], 7: [2, 3, 6, 10, 9], 8: [2, 4, 5, 6, 10, 9], 9: [2, 3, 6, 14, 13, 9]}), 10: defaultdict(<function <lambda>.<locals>.<lambda>.<locals>.<lambda> at 0x7f8365559090>, {0: [2, 4, 5, 7, 10], 1: [2, 3, 6, 10], 2: [2, 4, 5, 6, 10], 3: [2, 4, 5, 7, 8, 9, 10], 4: [2, 4, 11, 12, 9, 10], 5: [2, 4, 11, 13, 9, 10], 6: [2, 4, 11, 12, 14, 13, 9, 10], 7: [2, 1, 8, 9, 10], 8: [2, 4, 11, 13, 14, 12, 9, 10], 9: [2, 3, 6, 14, 13, 9, 10]}), 11: defaultdict(<function <lambda>.<locals>.<lambda>.<locals>.<lambda> at 0x7f8365559000>, {0: [2, 4, 11], 1: [2, 4, 5, 7, 8, 9, 12, 11], 2: [2, 4, 5, 7, 8, 9, 13, 11], 3: [2, 4, 5, 7, 8, 9, 13, 14, 12, 11], 4: [2, 4, 5, 7, 10, 9, 12, 11], 5: [2, 4, 5, 7, 8, 9, 12, 14, 13, 11], 6: [2, 3, 6, 14, 13, 11], 7: [2, 4, 5, 7, 10, 9, 13, 11], 8: [2, 1, 8, 9, 12, 11], 9: [2, 3, 6, 10, 9, 12, 11]}), 12: defaultdict(<function <lambda>.<locals>.<lambda>.<locals>.<lambda> at 0x7f8365558f70>, {0: [2, 4, 11, 12], 1: [2, 4, 5, 7, 8, 9, 12], 2: [2, 4, 11, 13, 14, 12], 3: [2, 4, 11, 13, 9, 12], 4: [2, 4, 5, 7, 8, 9, 13, 14, 12], 5: [2, 4, 5, 7, 10, 9, 12], 6: [2, 1, 8, 9, 12], 7: [2, 3, 6, 10, 9, 12], 8: [2, 3, 6, 14, 12], 9: [2, 4, 5, 6, 10, 9, 12]}), 13: defaultdict(<function <lambda>.<locals>.<lambda>.<locals>.<lambda> at 0x7f8365558ee0>, {0: [2, 4, 11, 13], 1: [2, 4, 5, 7, 8, 9, 13], 2: [2, 4, 11, 12, 14, 13], 3: [2, 4, 11, 12, 9, 13], 4: [2, 4, 5, 7, 8, 9, 12, 14, 13], 5: [2, 3, 6, 14, 13], 6: [2, 4, 5, 7, 10, 9, 13], 7: [2, 4, 5, 6, 14, 13], 8: [2, 1, 8, 9, 13], 9: [2, 3, 6, 10, 9, 13]}), 14: defaultdict(<function <lambda>.<locals>.<lambda>.<locals>.<lambda> at 0x7f8365558e50>, {0: [2, 4, 11, 12, 14], 1: [2, 4, 11, 13, 14], 2: [2, 4, 5, 7, 8, 9, 13, 14], 3: [2, 4, 11, 12, 9, 13, 14], 4: [2, 4, 5, 7, 8, 9, 12, 14], 5: [2, 3, 6, 14], 6: [2, 4, 11, 13, 9, 12, 14], 7: [2, 4, 5, 6, 14], 8: [2, 4, 5, 7, 10, 9, 13, 14], 9: [2, 1, 8, 9, 13, 14]})}), 3: defaultdict(<function <lambda>.<locals>.<lambda> at 0x7f8365558dc0>, {1: defaultdict(<function <lambda>.<locals>.<lambda>.<locals>.<lambda> at 0x7f8365558d30>, {0: [3, 1], 1: [3, 2, 1], 2: [3, 6, 5, 4, 2, 1], 3: [3, 2, 4, 5, 7, 8, 1], 4: [3, 6, 10, 9, 8, 1], 5: [3, 6, 5, 7, 8, 1], 6: [3, 6, 14, 13, 9, 8, 1], 7: [3, 6, 10, 7, 5, 4, 2, 1], 8: [3, 2, 4, 11, 12, 9, 8, 1], 9: [3, 6, 14, 12, 9, 8, 1]}), 2: defaultdict(<function <lambda>.<locals>.<lambda>.<locals>.<lambda> at 0x7f8365558ca0>, {0: [3, 2], 1: [3, 1, 2], 2: [3, 6, 5, 4, 2], 3: [3, 6, 10, 7, 5, 4, 2], 4: [3, 1, 8, 7, 5, 4, 2], 5: [3, 6, 10, 9, 8, 7, 5, 4, 2], 6: [3, 6, 14, 13, 11, 4, 2], 7: [3, 6, 10, 9, 12, 11, 4, 2], 8: [3, 6, 14, 12, 11, 4, 2], 9: [3, 6, 10, 9, 13, 11, 4, 2]}), 4: defaultdict(<function <lambda>.<locals>.<lambda>.<locals>.<lambda> at 0x7f8365558c10>, {0: [3, 2, 4], 1: [3, 1, 2, 4], 2: [3, 6, 5, 4], 3: [3, 6, 10, 7, 5, 4], 4: [3, 1, 8, 7, 5, 4], 5: [3, 2, 1, 8, 7, 5, 4], 6: [3, 6, 10, 9, 8, 7, 5, 4], 7: [3, 6, 14, 13, 11, 4], 8: [3, 6, 10, 9, 12, 11, 4], 9: [3, 6, 14, 12, 11, 4]}), 5: defaultdict(<function <lambda>.<locals>.<lambda>.<locals>.<lambda> at 0x7f8365558b80>, {0: [3, 2, 4, 5], 1: [3, 6, 5], 2: [3, 1, 2, 4, 5], 3: [3, 6, 10, 7, 5], 4: [3, 1, 8, 7, 5], 5: [3, 2, 1, 8, 7, 5], 6: [3, 6, 10, 9, 8, 7, 5], 7: [3, 6, 14, 13, 9, 8, 7, 5], 8: [3, 2, 4, 11, 12, 9, 8, 7, 5], 9: [3, 6, 14, 12, 9, 8, 7, 5]}), 6: defaultdict(<function <lambda>.<locals>.<lambda>.<locals>.<lambda> at 0x7f8365558af0>, {0: [3, 6], 1: [3, 2, 4, 5, 6], 2: [3, 2, 4, 5, 7, 10, 6], 3: [3, 1, 2, 4, 5, 6], 4: [3, 2, 4, 5, 7, 8, 9, 10, 6], 5: [3, 2, 4, 11, 12, 14, 6], 6: [3, 2, 4, 11, 13, 14, 6], 7: [3, 2, 4, 11, 12, 9, 10, 6], 8: [3, 2, 4, 11, 13, 9, 10, 6], 9: [3, 2, 4, 5, 7, 8, 9, 13, 14, 6]}), 7: defaultdict(<function <lambda>.<locals>.<lambda>.<locals>.<lambda> at 0x7f8365558a60>, {0: [3, 2, 4, 5, 7], 1: [3, 6, 5, 7], 2: [3, 6, 10, 7], 3: [3, 1, 2, 4, 5, 7], 4: [3, 1, 8, 7], 5: [3, 2, 1, 8, 7], 6: [3, 6, 10, 9, 8, 7], 7: [3, 2, 4, 5, 6, 10, 7], 8: [3, 6, 14, 13, 9, 8, 7], 9: [3, 2, 4, 11, 12, 9, 8, 7]}), 8: defaultdict(<function <lambda>.<locals>.<lambda>.<locals>.<lambda> at 0x7f83655589d0>, {0: [3, 2, 4, 5, 7, 8], 1: [3, 1, 8], 2: [3, 2, 1, 8], 3: [3, 6, 5, 7, 8], 4: [3, 6, 10, 9, 8], 5: [3, 6, 14, 13, 9, 8], 6: [3, 2, 4, 11, 12, 9, 8], 7: [3, 6, 10, 7, 8], 8: [3, 6, 14, 12, 9, 8], 9: [3, 2, 4, 11, 13, 9, 8]}), 9: defaultdict(<function <lambda>.<locals>.<lambda>.<locals>.<lambda> at 0x7f8365558940>, {0: [3, 6, 10, 9], 1: [3, 2, 4, 5, 7, 8, 9], 2: [3, 6, 14, 13, 9], 3: [3, 2, 4, 11, 12, 9], 4: [3, 6, 14, 12, 9], 5: [3, 2, 4, 11, 13, 9], 6: [3, 1, 8, 9], 7: [3, 2, 4, 5, 7, 10, 9], 8: [3, 2, 4, 11, 12, 14, 13, 9], 9: [3, 2, 1, 8, 9]}), 10: defaultdict(<function <lambda>.<locals>.<lambda>.<locals>.<lambda> at 0x7f83655588b0>, {0: [3, 6, 10], 1: [3, 2, 4, 5, 7, 10], 2: [3, 2, 4, 5, 6, 10], 3: [3, 6, 14, 13, 9, 10], 4: [3, 2, 4, 5, 7, 8, 9, 10], 5: [3, 2, 4, 11, 12, 9, 10], 6: [3, 6, 5, 7, 10], 7: [3, 6, 14, 12, 9, 10], 8: [3, 2, 4, 11, 13, 9, 10], 9: [3, 1, 8, 9, 10]}), 11: defaultdict(<function <lambda>.<locals>.<lambda>.<locals>.<lambda> at 0x7f8365558820>, {0: [3, 2, 4, 11], 1: [3, 6, 14, 13, 11], 2: [3, 6, 10, 9, 12, 11], 3: [3, 6, 14, 12, 11], 4: [3, 6, 10, 9, 13, 11], 5: [3, 2, 4, 5, 7, 8, 9, 12, 11], 6: [3, 6, 14, 13, 9, 12, 11], 7: [3, 6, 10, 9, 13, 14, 12, 11], 8: [3, 6, 10, 9, 12, 14, 13, 11], 9: [3, 2, 4, 5, 7, 8, 9, 13, 11]}), 12: defaultdict(<function <lambda>.<locals>.<lambda>.<locals>.<lambda> at 0x7f8365558790>, {0: [3, 2, 4, 11, 12], 1: [3, 6, 10, 9, 12], 2: [3, 6, 14, 12], 3: [3, 2, 4, 5, 7, 8, 9, 12], 4: [3, 6, 10, 9, 13, 14, 12], 5: [3, 6, 14, 13, 9, 12], 6: [3, 2, 4, 11, 13, 14, 12], 7: [3, 2, 4, 11, 13, 9, 12], 8: [3, 2, 4, 5, 7, 8, 9, 13, 14, 12], 9: [3, 1, 8, 9, 12]}), 13: defaultdict(<function <lambda>.<locals>.<lambda>.<locals>.<lambda> at 0x7f8365558700>, {0: [3, 6, 14, 13], 1: [3, 6, 10, 9, 13], 2: [3, 2, 4, 11, 13], 3: [3, 6, 10, 9, 12, 14, 13], 4: [3, 2, 4, 5, 7, 8, 9, 13], 5: [3, 2, 4, 11, 12, 14, 13], 6: [3, 6, 14, 12, 9, 13], 7: [3, 2, 4, 11, 12, 9, 13], 8: [3, 2, 4, 5, 7, 8, 9, 12, 14, 13], 9: [3, 1, 8, 9, 13]}), 14: defaultdict(<function <lambda>.<locals>.<lambda>.<locals>.<lambda> at 0x7f8365558670>, {0: [3, 6, 14], 1: [3, 6, 10, 9, 13, 14], 2: [3, 2, 4, 11, 12, 14], 3: [3, 6, 10, 9, 12, 14], 4: [3, 2, 4, 11, 13, 14], 5: [3, 2, 4, 5, 7, 8, 9, 13, 14], 6: [3, 2, 4, 11, 12, 9, 13, 14], 7: [3, 2, 4, 5, 7, 8, 9, 12, 14], 8: [3, 2, 4, 11, 13, 9, 12, 14], 9: [3, 2, 4, 5, 6, 14]})}), 4: defaultdict(<function <lambda>.<locals>.<lambda> at 0x7f83655585e0>, {1: defaultdict(<function <lambda>.<locals>.<lambda>.<locals>.<lambda> at 0x7f8365558550>, {0: [4, 2, 1], 1: [4, 2, 3, 1], 2: [4, 5, 7, 8, 1], 3: [4, 5, 6, 3, 1], 4: [4, 5, 6, 3, 2, 1], 5: [4, 11, 12, 9, 8, 1], 6: [4, 11, 13, 9, 8, 1], 7: [4, 5, 7, 10, 9, 8, 1], 8: [4, 11, 12, 14, 13, 9, 8, 1], 9: [4, 11, 13, 14, 12, 9, 8, 1]}), 2: defaultdict(<function <lambda>.<locals>.<lambda>.<locals>.<lambda> at 0x7f83655584c0>, {0: [4, 2], 1: [4, 5, 6, 3, 2], 2: [4, 5, 7, 8, 1, 2], 3: [4, 5, 7, 10, 6, 3, 2], 4: [4, 5, 6, 3, 1, 2], 5: [4, 5, 7, 8, 1, 3, 2], 6: [4, 5, 7, 8, 9, 10, 6, 3, 2], 7: [4, 11, 12, 9, 8, 1, 2], 8: [4, 11, 13, 14, 6, 3, 2], 9: [4, 11, 12, 14, 6, 3, 2]}), 3: defaultdict(<function <lambda>.<locals>.<lambda>.<locals>.<lambda> at 0x7f8365558430>, {0: [4, 2, 3], 1: [4, 2, 1, 3], 2: [4, 5, 6, 3], 3: [4, 5, 7, 10, 6, 3], 4: [4, 5, 7, 8, 1, 3], 5: [4, 5, 7, 8, 1, 2, 3], 6: [4, 5, 7, 8, 9, 10, 6, 3], 7: [4, 11, 12, 14, 6, 3], 8: [4, 11, 13, 14, 6, 3], 9: [4, 11, 12, 9, 10, 6, 3]}), 5: defaultdict(<function <lambda>.<locals>.<lambda>.<locals>.<lambda> at 0x7f83655583a0>, {0: [4, 5], 1: [4, 2, 3, 6, 5], 2: [4, 11, 12, 9, 8, 7, 5], 3: [4, 11, 13, 9, 8, 7, 5], 4: [4, 11, 12, 14, 13, 9, 8, 7, 5], 5: [4, 2, 1, 8, 7, 5], 6: [4, 11, 12, 9, 10, 7, 5], 7: [4, 11, 13, 14, 12, 9, 8, 7, 5], 8: [4, 11, 13, 9, 10, 7, 5], 9: [4, 11, 12, 14, 6, 5]}), 6: defaultdict(<function <lambda>.<locals>.<lambda>.<locals>.<lambda> at 0x7f8365558310>, {0: [4, 5, 6], 1: [4, 2, 3, 6], 2: [4, 5, 7, 10, 6], 3: [4, 5, 7, 8, 9, 10, 6], 4: [4, 11, 12, 14, 6], 5: [4, 11, 13, 14, 6], 6: [4, 11, 12, 9, 10, 6], 7: [4, 11, 13, 9, 10, 6], 8: [4, 5, 7, 8, 9, 13, 14, 6], 9: [4, 2, 1, 3, 6]}), 7: defaultdict(<function <lambda>.<locals>.<lambda>.<locals>.<lambda> at 0x7f8365558280>, {0: [4, 5, 7], 1: [4, 5, 6, 10, 7], 2: [4, 11, 12, 9, 8, 7], 3: [4, 11, 13, 9, 8, 7], 4: [4, 11, 12, 14, 13, 9, 8, 7], 5: [4, 2, 1, 8, 7], 6: [4, 11, 12, 9, 10, 7], 7: [4, 11, 13, 14, 12, 9, 8, 7], 8: [4, 2, 3, 6, 5, 7], 9: [4, 5, 6, 10, 9, 8, 7]}), 8: defaultdict(<function <lambda>.<locals>.<lambda>.<locals>.<lambda> at 0x7f83655581f0>, {0: [4, 5, 7, 8], 1: [4, 11, 12, 9, 8], 2: [4, 11, 13, 9, 8], 3: [4, 5, 7, 10, 9, 8], 4: [4, 11, 12, 14, 13, 9, 8], 5: [4, 2, 1, 8], 6: [4, 11, 13, 14, 12, 9, 8], 7: [4, 5, 6, 10, 9, 8], 8: [4, 5, 6, 14, 13, 9, 8], 9: [4, 5, 6, 10, 7, 8]}), 9: defaultdict(<function <lambda>.<locals>.<lambda>.<locals>.<lambda> at 0x7f8365558160>, {0: [4, 5, 7, 8, 9], 1: [4, 11, 12, 9], 2: [4, 11, 13, 9], 3: [4, 5, 7, 10, 9], 4: [4, 11, 12, 14, 13, 9], 5: [4, 11, 13, 14, 12, 9], 6: [4, 5, 6, 10, 9], 7: [4, 5, 6, 14, 13, 9], 8: [4, 5, 6, 14, 12, 9], 9: [4, 2, 1, 8, 9]}), 10: defaultdict(<function <lambda>.<locals>.<lambda>.<locals>.<lambda> at 0x7f83655580d0>, {0: [4, 5, 7, 10], 1: [4, 5, 6, 10], 2: [4, 5, 7, 8, 9, 10], 3: [4, 11, 12, 9, 10], 4: [4, 11, 13, 9, 10], 5: [4, 11, 12, 14, 13, 9, 10], 6: [4, 2, 3, 6, 10], 7: [4, 11, 13, 14, 12, 9, 10], 8: [4, 5, 6, 14, 13, 9, 10], 9: [4, 5, 6, 14, 12, 9, 10]}), 11: defaultdict(<function <lambda>.<locals>.<lambda>.<locals>.<lambda> at 0x7f8365558040>, {0: [4, 11], 1: [4, 5, 7, 8, 9, 12, 11], 2: [4, 5, 7, 8, 9, 13, 11], 3: [4, 5, 7, 8, 9, 13, 14, 12, 11], 4: [4, 5, 7, 10, 9, 12, 11], 5: [4, 5, 7, 8, 9, 12, 14, 13, 11], 6: [4, 5, 7, 10, 9, 13, 11], 7: [4, 5, 6, 14, 13, 11], 8: [4, 5, 6, 10, 9, 12, 11], 9: [4, 5, 6, 14, 12, 11]}), 12: defaultdict(<function <lambda>.<locals>.<lambda>.<locals>.<lambda> at 0x7f836554a950>, {0: [4, 11, 12], 1: [4, 5, 7, 8, 9, 12], 2: [4, 11, 13, 14, 12], 3: [4, 11, 13, 9, 12], 4: [4, 5, 7, 8, 9, 13, 14, 12], 5: [4, 5, 7, 10, 9, 12], 6: [4, 5, 6, 10, 9, 12], 7: [4, 5, 6, 14, 12], 8: [4, 5, 7, 10, 9, 13, 14, 12], 9: [4, 5, 7, 8, 9, 13, 11, 12]}), 13: defaultdict(<function <lambda>.<locals>.<lambda>.<locals>.<lambda> at 0x7f836554a8c0>, {0: [4, 11, 13], 1: [4, 5, 7, 8, 9, 13], 2: [4, 11, 12, 14, 13], 3: [4, 11, 12, 9, 13], 4: [4, 5, 7, 8, 9, 12, 14, 13], 5: [4, 5, 7, 10, 9, 13], 6: [4, 5, 6, 14, 13], 7: [4, 5, 6, 10, 9, 13], 8: [4, 5, 7, 10, 9, 12, 14, 13], 9: [4, 5, 7, 8, 9, 12, 11, 13]}), 14: defaultdict(<function <lambda>.<locals>.<lambda>.<locals>.<lambda> at 0x7f836554a830>, {0: [4, 11, 12, 14], 1: [4, 11, 13, 14], 2: [4, 5, 7, 8, 9, 13, 14], 3: [4, 11, 12, 9, 13, 14], 4: [4, 5, 7, 8, 9, 12, 14], 5: [4, 11, 13, 9, 12, 14], 6: [4, 5, 6, 14], 7: [4, 5, 7, 10, 9, 13, 14], 8: [4, 5, 7, 10, 9, 12, 14], 9: [4, 5, 6, 10, 9, 13, 14]})}), 5: defaultdict(<function <lambda>.<locals>.<lambda> at 0x7f836554a7a0>, {1: defaultdict(<function <lambda>.<locals>.<lambda>.<locals>.<lambda> at 0x7f836554a710>, {0: [5, 4, 2, 1], 1: [5, 4, 2, 3, 1], 2: [5, 7, 8, 1], 3: [5, 6, 3, 1], 4: [5, 6, 3, 2, 1], 5: [5, 7, 10, 9, 8, 1], 6: [5, 6, 10, 9, 8, 1], 7: [5, 7, 10, 6, 3, 1], 8: [5, 7, 10, 6, 3, 2, 1], 9: [5, 4, 11, 12, 9, 8, 1]}), 2: defaultdict(<function <lambda>.<locals>.<lambda>.<locals>.<lambda> at 0x7f836554a680>, {0: [5, 4, 2], 1: [5, 6, 3, 2], 2: [5, 7, 8, 1, 2], 3: [5, 7, 10, 6, 3, 2], 4: [5, 6, 3, 1, 2], 5: [5, 7, 8, 9, 12, 11, 4, 2], 6: [5, 7, 8, 1, 3, 2], 7: [5, 7, 8, 9, 13, 11, 4, 2], 8: [5, 7, 8, 9, 13, 14, 12, 11, 4, 2], 9: [5, 7, 10, 9, 12, 11, 4, 2]}), 3: defaultdict(<function <lambda>.<locals>.<lambda>.<locals>.<lambda> at 0x7f836554a5f0>, {0: [5, 4, 2, 3], 1: [5, 6, 3], 2: [5, 4, 2, 1, 3], 3: [5, 7, 10, 6, 3], 4: [5, 7, 8, 1, 3], 5: [5, 7, 8, 1, 2, 3], 6: [5, 7, 8, 9, 10, 6, 3], 7: [5, 7, 8, 9, 13, 14, 6, 3], 8: [5, 7, 8, 9, 12, 14, 6, 3], 9: [5, 7, 8, 9, 12, 11, 4, 2, 3]}), 4: defaultdict(<function <lambda>.<locals>.<lambda>.<locals>.<lambda> at 0x7f836554a560>, {0: [5, 4], 1: [5, 6, 3, 2, 4], 2: [5, 7, 8, 9, 12, 11, 4], 3: [5, 7, 8, 9, 13, 11, 4], 4: [5, 7, 8, 9, 13, 14, 12, 11, 4], 5: [5, 7, 10, 9, 12, 11, 4], 6: [5, 7, 8, 1, 2, 4], 7: [5, 7, 8, 9, 12, 14, 13, 11, 4], 8: [5, 7, 10, 9, 13, 11, 4], 9: [5, 6, 14, 13, 11, 4]}), 6: defaultdict(<function <lambda>.<locals>.<lambda>.<locals>.<lambda> at 0x7f836554a4d0>, {0: [5, 6], 1: [5, 7, 10, 6], 2: [5, 4, 2, 3, 6], 3: [5, 7, 8, 9, 10, 6], 4: [5, 7, 8, 9, 13, 14, 6], 5: [5, 7, 8, 9, 12, 14, 6], 6: [5, 7, 10, 9, 13, 14, 6], 7: [5, 7, 10, 9, 12, 14, 6], 8: [5, 4, 11, 12, 14, 6], 9: [5, 4, 11, 13, 14, 6]}), 7: defaultdict(<function <lambda>.<locals>.<lambda>.<locals>.<lambda> at 0x7f836554a440>, {0: [5, 7], 1: [5, 6, 10, 7], 2: [5, 6, 10, 9, 8, 7], 3: [5, 4, 11, 12, 9, 8, 7], 4: [5, 6, 14, 13, 9, 8, 7], 5: [5, 4, 11, 13, 9, 8, 7], 6: [5, 6, 14, 12, 9, 8, 7], 7: [5, 4, 11, 12, 14, 13, 9, 8, 7], 8: [5, 4, 2, 1, 8, 7], 9: [5, 4, 11, 12, 9, 10, 7]}), 8: defaultdict(<function <lambda>.<locals>.<lambda>.<locals>.<lambda> at 0x7f836554a3b0>, {0: [5, 7, 8], 1: [5, 7, 10, 9, 8], 2: [5, 6, 10, 9, 8], 3: [5, 4, 11, 12, 9, 8], 4: [5, 6, 14, 13, 9, 8], 5: [5, 6, 10, 7, 8], 6: [5, 4, 11, 13, 9, 8], 7: [5, 6, 14, 12, 9, 8], 8: [5, 4, 11, 12, 14, 13, 9, 8], 9: [5, 4, 2, 1, 8]}), 9: defaultdict(<function <lambda>.<locals>.<lambda>.<locals>.<lambda> at 0x7f836554a320>, {0: [5, 7, 8, 9], 1: [5, 7, 10, 9], 2: [5, 6, 10, 9], 3: [5, 4, 11, 12, 9], 4: [5, 6, 14, 13, 9], 5: [5, 4, 11, 13, 9], 6: [5, 6, 14, 12, 9], 7: [5, 4, 11, 12, 14, 13, 9], 8: [5, 4, 11, 13, 14, 12, 9], 9: [5, 6, 14, 13, 11, 12, 9]}), 10: defaultdict(<function <lambda>.<locals>.<lambda>.<locals>.<lambda> at 0x7f836554a290>, {0: [5, 7, 10], 1: [5, 6, 10], 2: [5, 7, 8, 9, 10], 3: [5, 4, 11, 12, 9, 10], 4: [5, 6, 14, 13, 9, 10], 5: [5, 4, 11, 13, 9, 10], 6: [5, 6, 14, 12, 9, 10], 7: [5, 4, 11, 12, 14, 13, 9, 10], 8: [5, 4, 2, 3, 6, 10], 9: [5, 4, 11, 13, 14, 12, 9, 10]}), 11: defaultdict(<function <lambda>.<locals>.<lambda>.<locals>.<lambda> at 0x7f836554a200>, {0: [5, 4, 11], 1: [5, 7, 8, 9, 12, 11], 2: [5, 7, 8, 9, 13, 11], 3: [5, 7, 8, 9, 13, 14, 12, 11], 4: [5, 7, 10, 9, 12, 11], 5: [5, 7, 8, 9, 12, 14, 13, 11], 6: [5, 7, 10, 9, 13, 11], 7: [5, 6, 14, 13, 11], 8: [5, 6, 10, 9, 12, 11], 9: [5, 6, 14, 12, 11]}), 12: defaultdict(<function <lambda>.<locals>.<lambda>.<locals>.<lambda> at 0x7f836554a170>, {0: [5, 7, 8, 9, 12], 1: [5, 7, 8, 9, 13, 14, 12], 2: [5, 7, 10, 9, 12], 3: [5, 4, 11, 12], 4: [5, 6, 10, 9, 12], 5: [5, 6, 14, 12], 6: [5, 7, 10, 9, 13, 14, 12], 7: [5, 7, 8, 9, 13, 11, 12], 8: [5, 4, 11, 13, 14, 12], 9: [5, 6, 10, 9, 13, 14, 12]}), 13: defaultdict(<function <lambda>.<locals>.<lambda>.<locals>.<lambda> at 0x7f836554a0e0>, {0: [5, 7, 8, 9, 13], 1: [5, 7, 8, 9, 12, 14, 13], 2: [5, 7, 10, 9, 13], 3: [5, 6, 14, 13], 4: [5, 4, 11, 13], 5: [5, 6, 10, 9, 13], 6: [5, 7, 10, 9, 12, 14, 13], 7: [5, 4, 11, 12, 14, 13], 8: [5, 7, 8, 9, 12, 11, 13], 9: [5, 6, 10, 9, 12, 14, 13]}), 14: defaultdict(<function <lambda>.<locals>.<lambda>.<locals>.<lambda> at 0x7f836554a050>, {0: [5, 7, 8, 9, 13, 14], 1: [5, 7, 8, 9, 12, 14], 2: [5, 6, 14], 3: [5, 7, 10, 9, 13, 14], 4: [5, 7, 10, 9, 12, 14], 5: [5, 4, 11, 12, 14], 6: [5, 6, 10, 9, 13, 14], 7: [5, 4, 11, 13, 14], 8: [5, 6, 10, 9, 12, 14], 9: [5, 7, 8, 9, 12, 11, 13, 14]})}), 6: defaultdict(<function <lambda>.<locals>.<lambda> at 0x7f8365549fc0>, {1: defaultdict(<function <lambda>.<locals>.<lambda>.<locals>.<lambda> at 0x7f8365549f30>, {0: [6, 3, 1], 1: [6, 3, 2, 1], 2: [6, 5, 4, 2, 1], 3: [6, 5, 4, 2, 3, 1], 4: [6, 10, 9, 8, 1], 5: [6, 5, 7, 8, 1], 6: [6, 14, 13, 9, 8, 1], 7: [6, 10, 7, 5, 4, 2, 1], 8: [6, 14, 12, 9, 8, 1], 9: [6, 10, 7, 8, 1]}), 2: defaultdict(<function <lambda>.<locals>.<lambda>.<locals>.<lambda> at 0x7f8365549ea0>, {0: [6, 3, 2], 1: [6, 5, 4, 2], 2: [6, 3, 1, 2], 3: [6, 10, 7, 5, 4, 2], 4: [6, 10, 9, 8, 7, 5, 4, 2], 5: [6, 14, 13, 11, 4, 2], 6: [6, 10, 9, 12, 11, 4, 2], 7: [6, 14, 12, 11, 4, 2], 8: [6, 10, 9, 13, 11, 4, 2], 9: [6, 14, 13, 9, 8, 7, 5, 4, 2]}), 3: defaultdict(<function <lambda>.<locals>.<lambda>.<locals>.<lambda> at 0x7f8365549e10>, {0: [6, 3], 1: [6, 5, 4, 2, 3], 2: [6, 10, 7, 5, 4, 2, 3], 3: [6, 5, 4, 2, 1, 3], 4: [6, 10, 9, 8, 7, 5, 4, 2, 3], 5: [6, 14, 13, 11, 4, 2, 3], 6: [6, 10, 9, 12, 11, 4, 2, 3], 7: [6, 14, 12, 11, 4, 2, 3], 8: [6, 10, 9, 13, 11, 4, 2, 3], 9: [6, 14, 13, 9, 8, 7, 5, 4, 2, 3]}), 4: defaultdict(<function <lambda>.<locals>.<lambda>.<locals>.<lambda> at 0x7f8365549d80>, {0: [6, 5, 4], 1: [6, 3, 2, 4], 2: [6, 10, 7, 5, 4], 3: [6, 10, 9, 8, 7, 5, 4], 4: [6, 14, 13, 11, 4], 5: [6, 10, 9, 12, 11, 4], 6: [6, 14, 12, 11, 4], 7: [6, 10, 9, 13, 11, 4], 8: [6, 14, 13, 9, 8, 7, 5, 4], 9: [6, 3, 1, 2, 4]}), 5: defaultdict(<function <lambda>.<locals>.<lambda>.<locals>.<lambda> at 0x7f8365549cf0>, {0: [6, 5], 1: [6, 10, 7, 5], 2: [6, 3, 2, 4, 5], 3: [6, 10, 9, 8, 7, 5], 4: [6, 14, 13, 9, 8, 7, 5], 5: [6, 14, 12, 9, 8, 7, 5], 6: [6, 14, 13, 9, 10, 7, 5], 7: [6, 14, 12, 9, 10, 7, 5], 8: [6, 10, 9, 12, 11, 4, 5], 9: [6, 14, 13, 11, 4, 5]}), 7: defaultdict(<function <lambda>.<locals>.<lambda>.<locals>.<lambda> at 0x7f8365549c60>, {0: [6, 5, 7], 1: [6, 10, 7], 2: [6, 10, 9, 8, 7], 3: [6, 14, 13, 9, 8, 7], 4: [6, 14, 12, 9, 8, 7], 5: [6, 3, 2, 4, 5, 7], 6: [6, 14, 13, 9, 10, 7], 7: [6, 14, 12, 9, 10, 7], 8: [6, 14, 13, 11, 12, 9, 8, 7], 9: [6, 14, 12, 11, 13, 9, 8, 7]}), 8: defaultdict(<function <lambda>.<locals>.<lambda>.<locals>.<lambda> at 0x7f8365549bd0>, {0: [6, 5, 7, 8], 1: [6, 10, 9, 8], 2: [6, 14, 13, 9, 8], 3: [6, 10, 7, 8], 4: [6, 14, 12, 9, 8], 5: [6, 14, 13, 11, 12, 9, 8], 6: [6, 14, 12, 11, 13, 9, 8], 7: [6, 5, 7, 10, 9, 8], 8: [6, 3, 2, 4, 5, 7, 8], 9: [6, 14, 13, 9, 10, 7, 8]}), 9: defaultdict(<function <lambda>.<locals>.<lambda>.<locals>.<lambda> at 0x7f8365549b40>, {0: [6, 10, 9], 1: [6, 14, 13, 9], 2: [6, 14, 12, 9], 3: [6, 5, 7, 8, 9], 4: [6, 14, 13, 11, 12, 9], 5: [6, 14, 12, 11, 13, 9], 6: [6, 10, 7, 8, 9], 7: [6, 5, 7, 10, 9], 8: [6, 5, 4, 11, 12, 9], 9: [6, 5, 4, 11, 13, 9]}), 10: defaultdict(<function <lambda>.<locals>.<lambda>.<locals>.<lambda> at 0x7f8365549ab0>, {0: [6, 10], 1: [6, 14, 13, 9, 10], 2: [6, 5, 7, 10], 3: [6, 14, 12, 9, 10], 4: [6, 5, 7, 8, 9, 10], 5: [6, 14, 13, 11, 12, 9, 10], 6: [6, 14, 12, 11, 13, 9, 10], 7: [6, 14, 13, 9, 8, 7, 10], 8: [6, 14, 12, 9, 8, 7, 10], 9: [6, 5, 4, 11, 12, 9, 10]}), 11: defaultdict(<function <lambda>.<locals>.<lambda>.<locals>.<lambda> at 0x7f8365549a20>, {0: [6, 14, 13, 11], 1: [6, 10, 9, 12, 11], 2: [6, 14, 12, 11], 3: [6, 10, 9, 13, 11], 4: [6, 14, 13, 9, 12, 11], 5: [6, 10, 9, 13, 14, 12, 11], 6: [6, 10, 9, 12, 14, 13, 11], 7: [6, 14, 12, 9, 13, 11], 8: [6, 5, 4, 11], 9: [6, 5, 7, 8, 9, 12, 11]}), 12: defaultdict(<function <lambda>.<locals>.<lambda>.<locals>.<lambda> at 0x7f8365549990>, {0: [6, 10, 9, 12], 1: [6, 14, 12], 2: [6, 10, 9, 13, 14, 12], 3: [6, 14, 13, 9, 12], 4: [6, 14, 13, 11, 12], 5: [6, 10, 9, 13, 11, 12], 6: [6, 5, 7, 8, 9, 12], 7: [6, 5, 7, 8, 9, 13, 14, 12], 8: [6, 10, 7, 8, 9, 12], 9: [6, 5, 7, 10, 9, 12]}), 13: defaultdict(<function <lambda>.<locals>.<lambda>.<locals>.<lambda> at 0x7f8365549900>, {0: [6, 14, 13], 1: [6, 10, 9, 13], 2: [6, 10, 9, 12, 14, 13], 3: [6, 14, 12, 9, 13], 4: [6, 10, 9, 12, 11, 13], 5: [6, 14, 12, 11, 13], 6: [6, 5, 7, 8, 9, 13], 7: [6, 5, 7, 8, 9, 12, 14, 13], 8: [6, 10, 7, 8, 9, 13], 9: [6, 5, 7, 10, 9, 13]}), 14: defaultdict(<function <lambda>.<locals>.<lambda>.<locals>.<lambda> at 0x7f8365549870>, {0: [6, 14], 1: [6, 10, 9, 13, 14], 2: [6, 10, 9, 12, 14], 3: [6, 10, 9, 12, 11, 13, 14], 4: [6, 5, 7, 8, 9, 13, 14], 5: [6, 10, 9, 13, 11, 12, 14], 6: [6, 5, 7, 8, 9, 12, 14], 7: [6, 10, 7, 8, 9, 13, 14], 8: [6, 5, 7, 10, 9, 13, 14], 9: [6, 10, 7, 8, 9, 12, 14]})}), 7: defaultdict(<function <lambda>.<locals>.<lambda> at 0x7f83655497e0>, {1: defaultdict(<function <lambda>.<locals>.<lambda>.<locals>.<lambda> at 0x7f836554bf40>, {0: [7, 5, 4, 2, 1], 1: [7, 8, 1], 2: [7, 5, 4, 2, 3, 1], 3: [7, 5, 6, 3, 1], 4: [7, 10, 9, 8, 1], 5: [7, 5, 6, 3, 2, 1], 6: [7, 10, 6, 3, 1], 7: [7, 10, 6, 3, 2, 1], 8: [7, 10, 6, 5, 4, 2, 1], 9: [7, 8, 9, 12, 11, 4, 2, 1]}), 2: defaultdict(<function <lambda>.<locals>.<lambda>.<locals>.<lambda> at 0x7f836554beb0>, {0: [7, 5, 4, 2], 1: [7, 8, 1, 2], 2: [7, 5, 6, 3, 2], 3: [7, 10, 6, 3, 2], 4: [7, 10, 6, 5, 4, 2], 5: [7, 8, 9, 12, 11, 4, 2], 6: [7, 8, 1, 3, 2], 7: [7, 8, 9, 13, 11, 4, 2], 8: [7, 8, 9, 13, 14, 12, 11, 4, 2], 9: [7, 10, 9, 12, 11, 4, 2]}), 3: defaultdict(<function <lambda>.<locals>.<lambda>.<locals>.<lambda> at 0x7f836554be20>, {0: [7, 5, 4, 2, 3], 1: [7, 5, 6, 3], 2: [7, 10, 6, 3], 3: [7, 5, 4, 2, 1, 3], 4: [7, 8, 1, 3], 5: [7, 8, 1, 2, 3], 6: [7, 8, 9, 10, 6, 3], 7: [7, 10, 6, 5, 4, 2, 3], 8: [7, 8, 9, 13, 14, 6, 3], 9: [7, 8, 9, 12, 14, 6, 3]}), 4: defaultdict(<function <lambda>.<locals>.<lambda>.<locals>.<lambda> at 0x7f836554bd90>, {0: [7, 5, 4], 1: [7, 10, 6, 5, 4], 2: [7, 8, 9, 12, 11, 4], 3: [7, 8, 9, 13, 11, 4], 4: [7, 8, 9, 13, 14, 12, 11, 4], 5: [7, 5, 6, 3, 2, 4], 6: [7, 10, 9, 12, 11, 4], 7: [7, 8, 1, 2, 4], 8: [7, 8, 9, 12, 14, 13, 11, 4], 9: [7, 8, 9, 10, 6, 5, 4]}), 5: defaultdict(<function <lambda>.<locals>.<lambda>.<locals>.<lambda> at 0x7f836554bd00>, {0: [7, 5], 1: [7, 10, 6, 5], 2: [7, 8, 9, 10, 6, 5], 3: [7, 8, 9, 13, 14, 6, 5], 4: [7, 8, 9, 12, 11, 4, 5], 5: [7, 8, 9, 13, 11, 4, 5], 6: [7, 8, 9, 12, 14, 6, 5], 7: [7, 8, 9, 13, 14, 12, 11, 4, 5], 8: [7, 10, 9, 13, 14, 6, 5], 9: [7, 8, 1, 2, 4, 5]}), 6: defaultdict(<function <lambda>.<locals>.<lambda>.<locals>.<lambda> at 0x7f836554bc70>, {0: [7, 5, 6], 1: [7, 10, 6], 2: [7, 8, 9, 10, 6], 3: [7, 8, 9, 13, 14, 6], 4: [7, 8, 9, 12, 14, 6], 5: [7, 5, 4, 2, 3, 6], 6: [7, 10, 9, 13, 14, 6], 7: [7, 10, 9, 12, 14, 6], 8: [7, 8, 9, 12, 11, 13, 14, 6], 9: [7, 8, 9, 13, 11, 12, 14, 6]}), 8: defaultdict(<function <lambda>.<locals>.<lambda>.<locals>.<lambda> at 0x7f836554bbe0>, {0: [7, 8], 1: [7, 10, 9, 8], 2: [7, 5, 6, 10, 9, 8], 3: [7, 5, 4, 11, 12, 9, 8], 4: [7, 5, 6, 14, 13, 9, 8], 5: [7, 5, 4, 11, 13, 9, 8], 6: [7, 5, 6, 14, 12, 9, 8], 7: [7, 5, 4, 11, 12, 14, 13, 9, 8], 8: [7, 10, 6, 14, 13, 9, 8], 9: [7, 5, 4, 2, 1, 8]}), 9: defaultdict(<function <lambda>.<locals>.<lambda>.<locals>.<lambda> at 0x7f836554bb50>, {0: [7, 8, 9], 1: [7, 10, 9], 2: [7, 5, 6, 10, 9], 3: [7, 5, 4, 11, 12, 9], 4: [7, 5, 6, 14, 13, 9], 5: [7, 5, 4, 11, 13, 9], 6: [7, 5, 6, 14, 12, 9], 7: [7, 5, 4, 11, 12, 14, 13, 9], 8: [7, 10, 6, 14, 13, 9], 9: [7, 5, 4, 11, 13, 14, 12, 9]}), 10: defaultdict(<function <lambda>.<locals>.<lambda>.<locals>.<lambda> at 0x7f836554bac0>, {0: [7, 10], 1: [7, 8, 9, 10], 2: [7, 5, 6, 10], 3: [7, 8, 9, 13, 14, 6, 10], 4: [7, 5, 4, 11, 12, 9, 10], 5: [7, 5, 6, 14, 13, 9, 10], 6: [7, 8, 9, 12, 14, 6, 10], 7: [7, 5, 4, 11, 13, 9, 10], 8: [7, 5, 6, 14, 12, 9, 10], 9: [7, 5, 4, 11, 12, 14, 13, 9, 10]}), 11: defaultdict(<function <lambda>.<locals>.<lambda>.<locals>.<lambda> at 0x7f836554ba30>, {0: [7, 8, 9, 12, 11], 1: [7, 8, 9, 13, 11], 2: [7, 8, 9, 13, 14, 12, 11], 3: [7, 10, 9, 12, 11], 4: [7, 8, 9, 12, 14, 13, 11], 5: [7, 5, 4, 11], 6: [7, 10, 9, 13, 11], 7: [7, 10, 9, 13, 14, 12, 11], 8: [7, 10, 9, 12, 14, 13, 11], 9: [7, 5, 6, 14, 13, 11]}), 12: defaultdict(<function <lambda>.<locals>.<lambda>.<locals>.<lambda> at 0x7f836554b9a0>, {0: [7, 8, 9, 12], 1: [7, 8, 9, 13, 14, 12], 2: [7, 10, 9, 12], 3: [7, 10, 9, 13, 14, 12], 4: [7, 8, 9, 13, 11, 12], 5: [7, 5, 4, 11, 12], 6: [7, 10, 9, 13, 11, 12], 7: [7, 5, 6, 10, 9, 12], 8: [7, 5, 6, 14, 12], 9: [7, 5, 4, 11, 13, 14, 12]}), 13: defaultdict(<function <lambda>.<locals>.<lambda>.<locals>.<lambda> at 0x7f836554b910>, {0: [7, 8, 9, 13], 1: [7, 8, 9, 12, 14, 13], 2: [7, 10, 9, 13], 3: [7, 10, 9, 12, 14, 13], 4: [7, 8, 9, 12, 11, 13], 5: [7, 5, 6, 14, 13], 6: [7, 10, 9, 12, 11, 13], 7: [7, 5, 4, 11, 13], 8: [7, 5, 6, 10, 9, 13], 9: [7, 5, 4, 11, 12, 14, 13]}), 14: defaultdict(<function <lambda>.<locals>.<lambda>.<locals>.<lambda> at 0x7f836554b880>, {0: [7, 8, 9, 13, 14], 1: [7, 8, 9, 12, 14], 2: [7, 10, 9, 13, 14], 3: [7, 10, 9, 12, 14], 4: [7, 8, 9, 12, 11, 13, 14], 5: [7, 8, 9, 13, 11, 12, 14], 6: [7, 5, 6, 14], 7: [7, 10, 9, 12, 11, 13, 14], 8: [7, 10, 9, 13, 11, 12, 14], 9: [7, 5, 4, 11, 12, 14]})}), 8: defaultdict(<function <lambda>.<locals>.<lambda> at 0x7f8365549630>, {1: defaultdict(<function <lambda>.<locals>.<lambda>.<locals>.<lambda> at 0x7f836554b7f0>, {0: [8, 1], 1: [8, 7, 5, 4, 2, 1], 2: [8, 7, 5, 4, 2, 3, 1], 3: [8, 9, 12, 11, 4, 2, 1], 4: [8, 9, 13, 11, 4, 2, 1], 5: [8, 7, 5, 6, 3, 1], 6: [8, 9, 10, 6, 3, 1], 7: [8, 9, 13, 14, 12, 11, 4, 2, 1], 8: [8, 9, 10, 7, 5, 4, 2, 1], 9: [8, 9, 12, 14, 13, 11, 4, 2, 1]}), 2: defaultdict(<function <lambda>.<locals>.<lambda>.<locals>.<lambda> at 0x7f83655495a0>, {0: [8, 7, 5, 4, 2], 1: [8, 1, 2], 2: [8, 9, 12, 11, 4, 2], 3: [8, 1, 3, 2], 4: [8, 9, 13, 11, 4, 2], 5: [8, 9, 10, 7, 5, 4, 2], 6: [8, 9, 13, 14, 12, 11, 4, 2], 7: [8, 7, 5, 6, 3, 2], 8: [8, 9, 12, 14, 13, 11, 4, 2], 9: [8, 9, 10, 6, 3, 2]}), 3: defaultdict(<function <lambda>.<locals>.<lambda>.<locals>.<lambda> at 0x7f836554b760>, {0: [8, 7, 5, 4, 2, 3], 1: [8, 1, 3], 2: [8, 1, 2, 3], 3: [8, 7, 5, 6, 3], 4: [8, 9, 10, 6, 3], 5: [8, 9, 13, 14, 6, 3], 6: [8, 7, 10, 6, 3], 7: [8, 9, 12, 14, 6, 3], 8: [8, 9, 12, 11, 4, 2, 3], 9: [8, 9, 13, 11, 4, 2, 3]}), 4: defaultdict(<function <lambda>.<locals>.<lambda>.<locals>.<lambda> at 0x7f836554b6d0>, {0: [8, 7, 5, 4], 1: [8, 9, 12, 11, 4], 2: [8, 9, 13, 11, 4], 3: [8, 9, 10, 7, 5, 4], 4: [8, 9, 13, 14, 12, 11, 4], 5: [8, 1, 2, 4], 6: [8, 9, 12, 14, 13, 11, 4], 7: [8, 9, 10, 6, 5, 4], 8: [8, 9, 13, 14, 6, 5, 4], 9: [8, 7, 10, 6, 5, 4]}), 5: defaultdict(<function <lambda>.<locals>.<lambda>.<locals>.<lambda> at 0x7f836554b640>, {0: [8, 7, 5], 1: [8, 9, 10, 7, 5], 2: [8, 9, 10, 6, 5], 3: [8, 9, 13, 14, 6, 5], 4: [8, 9, 12, 11, 4, 5], 5: [8, 7, 10, 6, 5], 6: [8, 9, 13, 11, 4, 5], 7: [8, 9, 12, 14, 6, 5], 8: [8, 9, 13, 14, 12, 11, 4, 5], 9: [8, 1, 2, 4, 5]}), 6: defaultdict(<function <lambda>.<locals>.<lambda>.<locals>.<lambda> at 0x7f836554b5b0>, {0: [8, 7, 5, 6], 1: [8, 9, 10, 6], 2: [8, 9, 13, 14, 6], 3: [8, 7, 10, 6], 4: [8, 9, 12, 14, 6], 5: [8, 9, 12, 11, 13, 14, 6], 6: [8, 9, 13, 11, 12, 14, 6], 7: [8, 9, 10, 7, 5, 6], 8: [8, 7, 5, 4, 2, 3, 6], 9: [8, 7, 10, 9, 13, 14, 6]}), 7: defaultdict(<function <lambda>.<locals>.<lambda>.<locals>.<lambda> at 0x7f836554b520>, {0: [8, 7], 1: [8, 9, 10, 7], 2: [8, 9, 10, 6, 5, 7], 3: [8, 9, 13, 14, 6, 5, 7], 4: [8, 9, 12, 11, 4, 5, 7], 5: [8, 9, 13, 11, 4, 5, 7], 6: [8, 9, 12, 14, 6, 5, 7], 7: [8, 9, 13, 14, 12, 11, 4, 5, 7], 8: [8, 1, 2, 4, 5, 7], 9: [8, 9, 13, 14, 6, 10, 7]}), 9: defaultdict(<function <lambda>.<locals>.<lambda>.<locals>.<lambda> at 0x7f8365549510>, {0: [8, 9], 1: [8, 7, 10, 9], 2: [8, 7, 5, 6, 10, 9], 3: [8, 7, 5, 4, 11, 12, 9], 4: [8, 7, 5, 6, 14, 13, 9], 5: [8, 7, 5, 4, 11, 13, 9], 6: [8, 7, 5, 6, 14, 12, 9], 7: [8, 7, 5, 4, 11, 12, 14, 13, 9], 8: [8, 7, 10, 6, 14, 13, 9], 9: [8, 7, 5, 4, 11, 13, 14, 12, 9]}), 10: defaultdict(<function <lambda>.<locals>.<lambda>.<locals>.<lambda> at 0x7f836554b490>, {0: [8, 9, 10], 1: [8, 7, 10], 2: [8, 7, 5, 6, 10], 3: [8, 9, 13, 14, 6, 10], 4: [8, 9, 12, 14, 6, 10], 5: [8, 9, 12, 11, 13, 14, 6, 10], 6: [8, 7, 5, 4, 11, 12, 9, 10], 7: [8, 7, 5, 6, 14, 13, 9, 10], 8: [8, 9, 13, 11, 12, 14, 6, 10], 9: [8, 7, 5, 4, 11, 13, 9, 10]}), 11: defaultdict(<function <lambda>.<locals>.<lambda>.<locals>.<lambda> at 0x7f836554b400>, {0: [8, 9, 12, 11], 1: [8, 9, 13, 11], 2: [8, 9, 13, 14, 12, 11], 3: [8, 9, 12, 14, 13, 11], 4: [8, 7, 10, 9, 12, 11], 5: [8, 7, 5, 4, 11], 6: [8, 7, 10, 9, 13, 11], 7: [8, 7, 10, 9, 13, 14, 12, 11], 8: [8, 7, 10, 9, 12, 14, 13, 11], 9: [8, 9, 10, 6, 14, 13, 11]}), 12: defaultdict(<function <lambda>.<locals>.<lambda>.<locals>.<lambda> at 0x7f836554b370>, {0: [8, 9, 12], 1: [8, 9, 13, 14, 12], 2: [8, 9, 13, 11, 12], 3: [8, 7, 10, 9, 12], 4: [8, 7, 10, 9, 13, 14, 12], 5: [8, 7, 5, 4, 11, 12], 6: [8, 7, 10, 9, 13, 11, 12], 7: [8, 9, 10, 6, 14, 12], 8: [8, 7, 5, 6, 10, 9, 12], 9: [8, 7, 5, 6, 14, 12]}), 13: defaultdict(<function <lambda>.<locals>.<lambda>.<locals>.<lambda> at 0x7f836554b2e0>, {0: [8, 9, 13], 1: [8, 9, 12, 14, 13], 2: [8, 9, 12, 11, 13], 3: [8, 7, 10, 9, 13], 4: [8, 7, 10, 9, 12, 14, 13], 5: [8, 9, 10, 6, 14, 13], 6: [8, 7, 5, 6, 14, 13], 7: [8, 7, 10, 9, 12, 11, 13], 8: [8, 7, 5, 4, 11, 13], 9: [8, 7, 5, 6, 10, 9, 13]}), 14: defaultdict(<function <lambda>.<locals>.<lambda>.<locals>.<lambda> at 0x7f8365549480>, {0: [8, 9, 13, 14], 1: [8, 9, 12, 14], 2: [8, 9, 12, 11, 13, 14], 3: [8, 9, 13, 11, 12, 14], 4: [8, 7, 10, 9, 13, 14], 5: [8, 7, 10, 9, 12, 14], 6: [8, 9, 10, 6, 14], 7: [8, 7, 5, 6, 14], 8: [8, 7, 10, 9, 12, 11, 13, 14], 9: [8, 7, 10, 9, 13, 11, 12, 14]})}), 9: defaultdict(<function <lambda>.<locals>.<lambda> at 0x7f836554b250>, {1: defaultdict(<function <lambda>.<locals>.<lambda>.<locals>.<lambda> at 0x7f836554b1c0>, {0: [9, 8, 1], 1: [9, 8, 7, 5, 4, 2, 1], 2: [9, 12, 11, 4, 2, 1], 3: [9, 13, 11, 4, 2, 1], 4: [9, 10, 6, 3, 1], 5: [9, 13, 14, 12, 11, 4, 2, 1], 6: [9, 10, 7, 5, 4, 2, 1], 7: [9, 12, 14, 13, 11, 4, 2, 1], 8: [9, 10, 6, 3, 2, 1], 9: [9, 10, 7, 8, 1]}), 2: defaultdict(<function <lambda>.<locals>.<lambda>.<locals>.<lambda> at 0x7f836554b130>, {0: [9, 8, 7, 5, 4, 2], 1: [9, 12, 11, 4, 2], 2: [9, 13, 11, 4, 2], 3: [9, 10, 7, 5, 4, 2], 4: [9, 13, 14, 12, 11, 4, 2], 5: [9, 8, 1, 2], 6: [9, 12, 14, 13, 11, 4, 2], 7: [9, 10, 6, 3, 2], 8: [9, 10, 6, 5, 4, 2], 9: [9, 13, 14, 6, 3, 2]}), 3: defaultdict(<function <lambda>.<locals>.<lambda>.<locals>.<lambda> at 0x7f83655496c0>, {0: [9, 10, 6, 3], 1: [9, 13, 14, 6, 3], 2: [9, 8, 7, 5, 4, 2, 3], 3: [9, 12, 14, 6, 3], 4: [9, 12, 11, 4, 2, 3], 5: [9, 13, 11, 4, 2, 3], 6: [9, 10, 7, 5, 4, 2, 3], 7: [9, 13, 14, 12, 11, 4, 2, 3], 8: [9, 8, 1, 3], 9: [9, 12, 14, 13, 11, 4, 2, 3]}), 4: defaultdict(<function <lambda>.<locals>.<lambda>.<locals>.<lambda> at 0x7f836554b0a0>, {0: [9, 8, 7, 5, 4], 1: [9, 12, 11, 4], 2: [9, 13, 11, 4], 3: [9, 10, 7, 5, 4], 4: [9, 13, 14, 12, 11, 4], 5: [9, 12, 14, 13, 11, 4], 6: [9, 10, 6, 5, 4], 7: [9, 13, 14, 6, 5, 4], 8: [9, 12, 14, 6, 5, 4], 9: [9, 8, 1, 2, 4]}), 5: defaultdict(<function <lambda>.<locals>.<lambda>.<locals>.<lambda> at 0x7f8365549750>, {0: [9, 8, 7, 5], 1: [9, 10, 7, 5], 2: [9, 10, 6, 5], 3: [9, 13, 14, 6, 5], 4: [9, 12, 11, 4, 5], 5: [9, 13, 11, 4, 5], 6: [9, 12, 14, 6, 5], 7: [9, 13, 14, 12, 11, 4, 5], 8: [9, 12, 14, 13, 11, 4, 5], 9: [9, 12, 11, 13, 14, 6, 5]}), 6: defaultdict(<function <lambda>.<locals>.<lambda>.<locals>.<lambda> at 0x7f836554b010>, {0: [9, 10, 6], 1: [9, 13, 14, 6], 2: [9, 12, 14, 6], 3: [9, 8, 7, 5, 6], 4: [9, 12, 11, 13, 14, 6], 5: [9, 13, 11, 12, 14, 6], 6: [9, 10, 7, 5, 6], 7: [9, 8, 7, 10, 6], 8: [9, 12, 11, 4, 5, 6], 9: [9, 13, 11, 4, 5, 6]}), 7: defaultdict(<function <lambda>.<locals>.<lambda>.<locals>.<lambda> at 0x7f836554af80>, {0: [9, 8, 7], 1: [9, 10, 7], 2: [9, 10, 6, 5, 7], 3: [9, 13, 14, 6, 5, 7], 4: [9, 12, 11, 4, 5, 7], 5: [9, 13, 11, 4, 5, 7], 6: [9, 12, 14, 6, 5, 7], 7: [9, 13, 14, 12, 11, 4, 5, 7], 8: [9, 13, 14, 6, 10, 7], 9: [9, 12, 14, 13, 11, 4, 5, 7]}), 8: defaultdict(<function <lambda>.<locals>.<lambda>.<locals>.<lambda> at 0x7f836554aef0>, {0: [9, 8], 1: [9, 10, 7, 8], 2: [9, 10, 6, 5, 7, 8], 3: [9, 13, 14, 6, 5, 7, 8], 4: [9, 12, 11, 4, 5, 7, 8], 5: [9, 13, 11, 4, 5, 7, 8], 6: [9, 12, 14, 6, 5, 7, 8], 7: [9, 13, 14, 12, 11, 4, 5, 7, 8], 8: [9, 13, 14, 6, 10, 7, 8], 9: [9, 12, 14, 13, 11, 4, 5, 7, 8]}), 10: defaultdict(<function <lambda>.<locals>.<lambda>.<locals>.<lambda> at 0x7f836554ae60>, {0: [9, 10], 1: [9, 8, 7, 10], 2: [9, 13, 14, 6, 10], 3: [9, 12, 14, 6, 10], 4: [9, 8, 7, 5, 6, 10], 5: [9, 12, 11, 13, 14, 6, 10], 6: [9, 13, 11, 12, 14, 6, 10], 7: [9, 13, 14, 6, 5, 7, 10], 8: [9, 12, 11, 4, 5, 7, 10], 9: [9, 12, 14, 6, 5, 7, 10]}), 11: defaultdict(<function <lambda>.<locals>.<lambda>.<locals>.<lambda> at 0x7f836554add0>, {0: [9, 12, 11], 1: [9, 13, 11], 2: [9, 13, 14, 12, 11], 3: [9, 12, 14, 13, 11], 4: [9, 10, 6, 14, 13, 11], 5: [9, 10, 6, 14, 12, 11], 6: [9, 8, 7, 5, 4, 11], 7: [9, 10, 7, 5, 4, 11], 8: [9, 10, 6, 5, 4, 11], 9: [9, 13, 14, 6, 5, 4, 11]}), 12: defaultdict(<function <lambda>.<locals>.<lambda>.<locals>.<lambda> at 0x7f836554ad40>, {0: [9, 12], 1: [9, 13, 14, 12], 2: [9, 13, 11, 12], 3: [9, 10, 6, 14, 12], 4: [9, 10, 6, 14, 13, 11, 12], 5: [9, 8, 7, 5, 4, 11, 12], 6: [9, 8, 7, 5, 6, 14, 12], 7: [9, 10, 7, 5, 4, 11, 12], 8: [9, 8, 7, 5, 4, 11, 13, 14, 12], 9: [9, 8, 7, 10, 6, 14, 12]}), 13: defaultdict(<function <lambda>.<locals>.<lambda>.<locals>.<lambda> at 0x7f836554acb0>, {0: [9, 13], 1: [9, 12, 14, 13], 2: [9, 12, 11, 13], 3: [9, 10, 6, 14, 13], 4: [9, 8, 7, 5, 6, 14, 13], 5: [9, 10, 6, 14, 12, 11, 13], 6: [9, 8, 7, 5, 4, 11, 13], 7: [9, 8, 7, 5, 4, 11, 12, 14, 13], 8: [9, 10, 7, 5, 6, 14, 13], 9: [9, 8, 7, 10, 6, 14, 13]}), 14: defaultdict(<function <lambda>.<locals>.<lambda>.<locals>.<lambda> at 0x7f83655493f0>, {0: [9, 13, 14], 1: [9, 12, 14], 2: [9, 12, 11, 13, 14], 3: [9, 13, 11, 12, 14], 4: [9, 10, 6, 14], 5: [9, 8, 7, 5, 6, 14], 6: [9, 8, 7, 5, 4, 11, 12, 14], 7: [9, 8, 7, 5, 4, 11, 13, 14], 8: [9, 10, 7, 5, 6, 14], 9: [9, 8, 7, 10, 6, 14]})}), 10: defaultdict(<function <lambda>.<locals>.<lambda> at 0x7f836554ac20>, {1: defaultdict(<function <lambda>.<locals>.<lambda>.<locals>.<lambda> at 0x7f836554ab90>, {0: [10, 9, 8, 1], 1: [10, 6, 3, 1], 2: [10, 7, 5, 4, 2, 1], 3: [10, 6, 3, 2, 1], 4: [10, 7, 8, 1], 5: [10, 6, 5, 4, 2, 1], 6: [10, 9, 8, 7, 5, 4, 2, 1], 7: [10, 9, 12, 11, 4, 2, 1], 8: [10, 7, 5, 4, 2, 3, 1], 9: [10, 9, 13, 11, 4, 2, 1]}), 2: defaultdict(<function <lambda>.<locals>.<lambda>.<locals>.<lambda> at 0x7f8365549360>, {0: [10, 7, 5, 4, 2], 1: [10, 6, 3, 2], 2: [10, 6, 5, 4, 2], 3: [10, 9, 8, 7, 5, 4, 2], 4: [10, 9, 12, 11, 4, 2], 5: [10, 9, 13, 11, 4, 2], 6: [10, 9, 13, 14, 12, 11, 4, 2], 7: [10, 9, 8, 1, 2], 8: [10, 9, 12, 14, 13, 11, 4, 2], 9: [10, 6, 3, 1, 2]}), 3: defaultdict(<function <lambda>.<locals>.<lambda>.<locals>.<lambda> at 0x7f836554ab00>, {0: [10, 6, 3], 1: [10, 7, 5, 4, 2, 3], 2: [10, 6, 5, 4, 2, 3], 3: [10, 9, 13, 14, 6, 3], 4: [10, 9, 8, 7, 5, 4, 2, 3], 5: [10, 7, 5, 6, 3], 6: [10, 9, 12, 14, 6, 3], 7: [10, 9, 12, 11, 4, 2, 3], 8: [10, 9, 13, 11, 4, 2, 3], 9: [10, 9, 13, 14, 12, 11, 4, 2, 3]}), 4: defaultdict(<function <lambda>.<locals>.<lambda>.<locals>.<lambda> at 0x7f836554aa70>, {0: [10, 7, 5, 4], 1: [10, 6, 5, 4], 2: [10, 9, 8, 7, 5, 4], 3: [10, 9, 12, 11, 4], 4: [10, 9, 13, 11, 4], 5: [10, 9, 13, 14, 12, 11, 4], 6: [10, 6, 3, 2, 4], 7: [10, 9, 12, 14, 13, 11, 4], 8: [10, 9, 13, 14, 6, 5, 4], 9: [10, 9, 12, 14, 6, 5, 4]}), 5: defaultdict(<function <lambda>.<locals>.<lambda>.<locals>.<lambda> at 0x7f836554a9e0>, {0: [10, 7, 5], 1: [10, 6, 5], 2: [10, 9, 8, 7, 5], 3: [10, 9, 13, 14, 6, 5], 4: [10, 9, 12, 11, 4, 5], 5: [10, 9, 13, 11, 4, 5], 6: [10, 9, 12, 14, 6, 5], 7: [10, 9, 13, 14, 12, 11, 4, 5], 8: [10, 6, 3, 2, 4, 5], 9: [10, 9, 12, 14, 13, 11, 4, 5]}), 6: defaultdict(<function <lambda>.<locals>.<lambda>.<locals>.<lambda> at 0x7f836558da20>, {0: [10, 6], 1: [10, 9, 13, 14, 6], 2: [10, 7, 5, 6], 3: [10, 9, 12, 14, 6], 4: [10, 9, 8, 7, 5, 6], 5: [10, 9, 12, 11, 13, 14, 6], 6: [10, 9, 13, 11, 12, 14, 6], 7: [10, 7, 8, 9, 13, 14, 6], 8: [10, 7, 8, 9, 12, 14, 6], 9: [10, 9, 12, 11, 4, 5, 6]}), 7: defaultdict(<function <lambda>.<locals>.<lambda>.<locals>.<lambda> at 0x7f836558dab0>, {0: [10, 7], 1: [10, 9, 8, 7], 2: [10, 6, 5, 7], 3: [10, 9, 13, 14, 6, 5, 7], 4: [10, 6, 14, 13, 9, 8, 7], 5: [10, 9, 12, 11, 4, 5, 7], 6: [10, 9, 13, 11, 4, 5, 7], 7: [10, 6, 14, 12, 9, 8, 7], 8: [10, 9, 12, 14, 6, 5, 7], 9: [10, 9, 13, 14, 12, 11, 4, 5, 7]}), 8: defaultdict(<function <lambda>.<locals>.<lambda>.<locals>.<lambda> at 0x7f836558dbd0>, {0: [10, 9, 8], 1: [10, 7, 8], 2: [10, 6, 5, 7, 8], 3: [10, 6, 14, 13, 9, 8], 4: [10, 6, 14, 12, 9, 8], 5: [10, 6, 14, 13, 11, 12, 9, 8], 6: [10, 9, 13, 14, 6, 5, 7, 8], 7: [10, 6, 14, 12, 11, 13, 9, 8], 8: [10, 9, 12, 11, 4, 5, 7, 8], 9: [10, 9, 13, 11, 4, 5, 7, 8]}), 9: defaultdict(<function <lambda>.<locals>.<lambda>.<locals>.<lambda> at 0x7f836558db40>, {0: [10, 9], 1: [10, 7, 8, 9], 2: [10, 6, 14, 13, 9], 3: [10, 6, 14, 12, 9], 4: [10, 6, 5, 7, 8, 9], 5: [10, 6, 14, 13, 11, 12, 9], 6: [10, 6, 14, 12, 11, 13, 9], 7: [10, 7, 5, 4, 11, 12, 9], 8: [10, 7, 5, 6, 14, 13, 9], 9: [10, 7, 5, 4, 11, 13, 9]}), 11: defaultdict(<function <lambda>.<locals>.<lambda>.<locals>.<lambda> at 0x7f836558dc60>, {0: [10, 9, 12, 11], 1: [10, 9, 13, 11], 2: [10, 9, 13, 14, 12, 11], 3: [10, 9, 12, 14, 13, 11], 4: [10, 6, 14, 13, 11], 5: [10, 7, 8, 9, 12, 11], 6: [10, 6, 14, 12, 11], 7: [10, 7, 8, 9, 13, 11], 8: [10, 6, 14, 13, 9, 12, 11], 9: [10, 7, 8, 9, 13, 14, 12, 11]}), 12: defaultdict(<function <lambda>.<locals>.<lambda>.<locals>.<lambda> at 0x7f836558dcf0>, {0: [10, 9, 12], 1: [10, 9, 13, 14, 12], 2: [10, 9, 13, 11, 12], 3: [10, 7, 8, 9, 12], 4: [10, 6, 14, 12], 5: [10, 7, 8, 9, 13, 14, 12], 6: [10, 6, 14, 13, 9, 12], 7: [10, 6, 14, 13, 11, 12], 8: [10, 7, 8, 9, 13, 11, 12], 9: [10, 6, 5, 7, 8, 9, 12]}), 13: defaultdict(<function <lambda>.<locals>.<lambda>.<locals>.<lambda> at 0x7f836558dd80>, {0: [10, 9, 13], 1: [10, 9, 12, 14, 13], 2: [10, 9, 12, 11, 13], 3: [10, 6, 14, 13], 4: [10, 7, 8, 9, 13], 5: [10, 7, 8, 9, 12, 14, 13], 6: [10, 6, 14, 12, 9, 13], 7: [10, 7, 8, 9, 12, 11, 13], 8: [10, 6, 14, 12, 11, 13], 9: [10, 6, 5, 7, 8, 9, 13]}), 14: defaultdict(<function <lambda>.<locals>.<lambda>.<locals>.<lambda> at 0x7f836558de10>, {0: [10, 9, 13, 14], 1: [10, 9, 12, 14], 2: [10, 9, 12, 11, 13, 14], 3: [10, 9, 13, 11, 12, 14], 4: [10, 6, 14], 5: [10, 7, 8, 9, 13, 14], 6: [10, 7, 8, 9, 12, 14], 7: [10, 7, 8, 9, 12, 11, 13, 14], 8: [10, 6, 5, 7, 8, 9, 13, 14], 9: [10, 7, 8, 9, 13, 11, 12, 14]})}), 11: defaultdict(<function <lambda>.<locals>.<lambda> at 0x7f836558dea0>, {1: defaultdict(<function <lambda>.<locals>.<lambda>.<locals>.<lambda> at 0x7f836558df30>, {0: [11, 4, 2, 1], 1: [11, 12, 9, 8, 1], 2: [11, 13, 9, 8, 1], 3: [11, 12, 14, 13, 9, 8, 1], 4: [11, 13, 14, 12, 9, 8, 1], 5: [11, 4, 2, 3, 1], 6: [11, 12, 9, 8, 7, 5, 4, 2, 1], 7: [11, 13, 9, 8, 7, 5, 4, 2, 1], 8: [11, 12, 14, 13, 9, 8, 7, 5, 4, 2, 1], 9: [11, 12, 9, 10, 6, 3, 1]}), 2: defaultdict(<function <lambda>.<locals>.<lambda>.<locals>.<lambda> at 0x7f836558dfc0>, {0: [11, 4, 2], 1: [11, 12, 9, 8, 7, 5, 4, 2], 2: [11, 13, 9, 8, 7, 5, 4, 2], 3: [11, 12, 14, 13, 9, 8, 7, 5, 4, 2], 4: [11, 12, 9, 10, 7, 5, 4, 2], 5: [11, 13, 14, 12, 9, 8, 7, 5, 4, 2], 6: [11, 12, 9, 8, 1, 2], 7: [11, 13, 9, 10, 7, 5, 4, 2], 8: [11, 12, 14, 6, 3, 2], 9: [11, 12, 9, 10, 6, 3, 2]}), 3: defaultdict(<function <lambda>.<locals>.<lambda>.<locals>.<lambda> at 0x7f836558e050>, {0: [11, 4, 2, 3], 1: [11, 12, 14, 6, 3], 2: [11, 13, 14, 6, 3], 3: [11, 12, 9, 10, 6, 3], 4: [11, 13, 9, 10, 6, 3], 5: [11, 12, 14, 13, 9, 10, 6, 3], 6: [11, 12, 9, 13, 14, 6, 3], 7: [11, 12, 9, 8, 7, 5, 4, 2, 3], 8: [11, 13, 14, 12, 9, 10, 6, 3], 9: [11, 13, 9, 8, 7, 5, 4, 2, 3]}), 4: defaultdict(<function <lambda>.<locals>.<lambda>.<locals>.<lambda> at 0x7f836558e0e0>, {0: [11, 4], 1: [11, 12, 9, 8, 7, 5, 4], 2: [11, 13, 9, 8, 7, 5, 4], 3: [11, 12, 14, 13, 9, 8, 7, 5, 4], 4: [11, 12, 9, 10, 7, 5, 4], 5: [11, 13, 14, 12, 9, 8, 7, 5, 4], 6: [11, 13, 9, 10, 7, 5, 4], 7: [11, 12, 14, 6, 5, 4], 8: [11, 12, 9, 10, 6, 5, 4], 9: [11, 13, 14, 6, 5, 4]}), 5: defaultdict(<function <lambda>.<locals>.<lambda>.<locals>.<lambda> at 0x7f836558e170>, {0: [11, 4, 5], 1: [11, 12, 9, 8, 7, 5], 2: [11, 13, 9, 8, 7, 5], 3: [11, 12, 14, 13, 9, 8, 7, 5], 4: [11, 12, 9, 10, 7, 5], 5: [11, 13, 14, 12, 9, 8, 7, 5], 6: [11, 13, 9, 10, 7, 5], 7: [11, 12, 14, 6, 5], 8: [11, 12, 9, 10, 6, 5], 9: [11, 13, 14, 6, 5]}), 6: defaultdict(<function <lambda>.<locals>.<lambda>.<locals>.<lambda> at 0x7f836558e200>, {0: [11, 12, 14, 6], 1: [11, 13, 14, 6], 2: [11, 12, 9, 10, 6], 3: [11, 13, 9, 10, 6], 4: [11, 12, 14, 13, 9, 10, 6], 5: [11, 12, 9, 13, 14, 6], 6: [11, 13, 14, 12, 9, 10, 6], 7: [11, 13, 9, 12, 14, 6], 8: [11, 4, 5, 6], 9: [11, 12, 9, 8, 7, 5, 6]}), 7: defaultdict(<function <lambda>.<locals>.<lambda>.<locals>.<lambda> at 0x7f836558e290>, {0: [11, 12, 9, 8, 7], 1: [11, 13, 9, 8, 7], 2: [11, 12, 14, 13, 9, 8, 7], 3: [11, 12, 9, 10, 7], 4: [11, 13, 14, 12, 9, 8, 7], 5: [11, 4, 5, 7], 6: [11, 13, 9, 10, 7], 7: [11, 12, 14, 13, 9, 10, 7], 8: [11, 13, 14, 12, 9, 10, 7], 9: [11, 12, 14, 6, 5, 7]}), 8: defaultdict(<function <lambda>.<locals>.<lambda>.<locals>.<lambda> at 0x7f836558e320>, {0: [11, 12, 9, 8], 1: [11, 13, 9, 8], 2: [11, 12, 14, 13, 9, 8], 3: [11, 13, 14, 12, 9, 8], 4: [11, 12, 9, 10, 7, 8], 5: [11, 4, 5, 7, 8], 6: [11, 13, 9, 10, 7, 8], 7: [11, 12, 14, 13, 9, 10, 7, 8], 8: [11, 13, 14, 12, 9, 10, 7, 8], 9: [11, 12, 14, 6, 5, 7, 8]}), 9: defaultdict(<function <lambda>.<locals>.<lambda>.<locals>.<lambda> at 0x7f836558e3b0>, {0: [11, 12, 9], 1: [11, 13, 9], 2: [11, 12, 14, 13, 9], 3: [11, 13, 14, 12, 9], 4: [11, 12, 14, 6, 10, 9], 5: [11, 13, 14, 6, 10, 9], 6: [11, 4, 5, 7, 8, 9], 7: [11, 4, 5, 7, 10, 9], 8: [11, 4, 5, 6, 10, 9], 9: [11, 12, 14, 6, 5, 7, 8, 9]}), 10: defaultdict(<function <lambda>.<locals>.<lambda>.<locals>.<lambda> at 0x7f836558e440>, {0: [11, 12, 9, 10], 1: [11, 13, 9, 10], 2: [11, 12, 14, 13, 9, 10], 3: [11, 13, 14, 12, 9, 10], 4: [11, 12, 9, 8, 7, 10], 5: [11, 12, 14, 6, 10], 6: [11, 13, 14, 6, 10], 7: [11, 13, 9, 8, 7, 10], 8: [11, 12, 14, 13, 9, 8, 7, 10], 9: [11, 12, 9, 13, 14, 6, 10]}), 12: defaultdict(<function <lambda>.<locals>.<lambda>.<locals>.<lambda> at 0x7f836558e4d0>, {0: [11, 12], 1: [11, 13, 14, 12], 2: [11, 13, 9, 12], 3: [11, 13, 14, 6, 10, 9, 12], 4: [11, 4, 5, 7, 8, 9, 12], 5: [11, 13, 9, 10, 6, 14, 12], 6: [11, 4, 5, 7, 8, 9, 13, 14, 12], 7: [11, 4, 5, 7, 10, 9, 12], 8: [11, 4, 5, 6, 10, 9, 12], 9: [11, 4, 5, 6, 14, 12]}), 13: defaultdict(<function <lambda>.<locals>.<lambda>.<locals>.<lambda> at 0x7f836558e560>, {0: [11, 13], 1: [11, 12, 14, 13], 2: [11, 12, 9, 13], 3: [11, 12, 9, 10, 6, 14, 13], 4: [11, 12, 14, 6, 10, 9, 13], 5: [11, 4, 5, 7, 8, 9, 13], 6: [11, 4, 5, 7, 8, 9, 12, 14, 13], 7: [11, 4, 5, 7, 10, 9, 13], 8: [11, 4, 5, 6, 14, 13], 9: [11, 4, 5, 6, 10, 9, 13]}), 14: defaultdict(<function <lambda>.<locals>.<lambda>.<locals>.<lambda> at 0x7f836558e5f0>, {0: [11, 12, 14], 1: [11, 13, 14], 2: [11, 12, 9, 13, 14], 3: [11, 13, 9, 12, 14], 4: [11, 12, 9, 10, 6, 14], 5: [11, 13, 9, 10, 6, 14], 6: [11, 4, 5, 7, 8, 9, 13, 14], 7: [11, 4, 5, 7, 8, 9, 12, 14], 8: [11, 4, 5, 6, 14], 9: [11, 4, 5, 7, 10, 9, 13, 14]})}), 12: defaultdict(<function <lambda>.<locals>.<lambda> at 0x7f836558e680>, {1: defaultdict(<function <lambda>.<locals>.<lambda>.<locals>.<lambda> at 0x7f836558e710>, {0: [12, 9, 8, 1], 1: [12, 14, 13, 9, 8, 1], 2: [12, 11, 4, 2, 1], 3: [12, 9, 8, 7, 5, 4, 2, 1], 4: [12, 11, 13, 9, 8, 1], 5: [12, 14, 13, 11, 4, 2, 1], 6: [12, 9, 13, 11, 4, 2, 1], 7: [12, 14, 13, 9, 8, 7, 5, 4, 2, 1], 8: [12, 14, 6, 3, 1], 9: [12, 11, 4, 2, 3, 1]}), 2: defaultdict(<function <lambda>.<locals>.<lambda>.<locals>.<lambda> at 0x7f836558e7a0>, {0: [12, 11, 4, 2], 1: [12, 9, 8, 7, 5, 4, 2], 2: [12, 14, 13, 11, 4, 2], 3: [12, 9, 13, 11, 4, 2], 4: [12, 14, 13, 9, 8, 7, 5, 4, 2], 5: [12, 9, 10, 7, 5, 4, 2], 6: [12, 9, 8, 1, 2], 7: [12, 14, 6, 3, 2], 8: [12, 9, 10, 6, 3, 2], 9: [12, 14, 6, 5, 4, 2]}), 3: defaultdict(<function <lambda>.<locals>.<lambda>.<locals>.<lambda> at 0x7f836558e830>, {0: [12, 14, 6, 3], 1: [12, 9, 10, 6, 3], 2: [12, 11, 4, 2, 3], 3: [12, 14, 13, 9, 10, 6, 3], 4: [12, 9, 13, 14, 6, 3], 5: [12, 9, 8, 7, 5, 4, 2, 3], 6: [12, 14, 13, 11, 4, 2, 3], 7: [12, 9, 13, 11, 4, 2, 3], 8: [12, 14, 13, 9, 8, 7, 5, 4, 2, 3], 9: [12, 9, 10, 7, 5, 4, 2, 3]}), 4: defaultdict(<function <lambda>.<locals>.<lambda>.<locals>.<lambda> at 0x7f836558e8c0>, {0: [12, 11, 4], 1: [12, 9, 8, 7, 5, 4], 2: [12, 14, 13, 11, 4], 3: [12, 9, 13, 11, 4], 4: [12, 14, 13, 9, 8, 7, 5, 4], 5: [12, 9, 10, 7, 5, 4], 6: [12, 14, 6, 5, 4], 7: [12, 9, 10, 6, 5, 4], 8: [12, 14, 13, 9, 10, 7, 5, 4], 9: [12, 11, 13, 9, 8, 7, 5, 4]}), 5: defaultdict(<function <lambda>.<locals>.<lambda>.<locals>.<lambda> at 0x7f836558e950>, {0: [12, 9, 8, 7, 5], 1: [12, 14, 13, 9, 8, 7, 5], 2: [12, 9, 10, 7, 5], 3: [12, 11, 4, 5], 4: [12, 14, 6, 5], 5: [12, 9, 10, 6, 5], 6: [12, 14, 13, 9, 10, 7, 5], 7: [12, 14, 13, 11, 4, 5], 8: [12, 9, 13, 14, 6, 5], 9: [12, 11, 13, 9, 8, 7, 5]}), 6: defaultdict(<function <lambda>.<locals>.<lambda>.<locals>.<lambda> at 0x7f836558e9e0>, {0: [12, 14, 6], 1: [12, 9, 10, 6], 2: [12, 14, 13, 9, 10, 6], 3: [12, 9, 13, 14, 6], 4: [12, 11, 13, 14, 6], 5: [12, 11, 13, 9, 10, 6], 6: [12, 9, 8, 7, 5, 6], 7: [12, 14, 13, 9, 8, 7, 5, 6], 8: [12, 9, 10, 7, 5, 6], 9: [12, 9, 8, 7, 10, 6]}), 7: defaultdict(<function <lambda>.<locals>.<lambda>.<locals>.<lambda> at 0x7f836558ea70>, {0: [12, 9, 8, 7], 1: [12, 14, 13, 9, 8, 7], 2: [12, 9, 10, 7], 3: [12, 14, 13, 9, 10, 7], 4: [12, 11, 13, 9, 8, 7], 5: [12, 11, 4, 5, 7], 6: [12, 11, 13, 9, 10, 7], 7: [12, 14, 6, 5, 7], 8: [12, 9, 10, 6, 5, 7], 9: [12, 14, 13, 11, 4, 5, 7]}), 8: defaultdict(<function <lambda>.<locals>.<lambda>.<locals>.<lambda> at 0x7f836558eb00>, {0: [12, 9, 8], 1: [12, 14, 13, 9, 8], 2: [12, 11, 13, 9, 8], 3: [12, 9, 10, 7, 8], 4: [12, 14, 13, 9, 10, 7, 8], 5: [12, 11, 4, 5, 7, 8], 6: [12, 11, 13, 9, 10, 7, 8], 7: [12, 14, 6, 5, 7, 8], 8: [12, 9, 10, 6, 5, 7, 8], 9: [12, 14, 6, 10, 9, 8]}), 9: defaultdict(<function <lambda>.<locals>.<lambda>.<locals>.<lambda> at 0x7f836558eb90>, {0: [12, 9], 1: [12, 14, 13, 9], 2: [12, 11, 13, 9], 3: [12, 14, 6, 10, 9], 4: [12, 11, 13, 14, 6, 10, 9], 5: [12, 11, 4, 5, 7, 8, 9], 6: [12, 14, 6, 5, 7, 8, 9], 7: [12, 14, 13, 11, 4, 5, 7, 8, 9], 8: [12, 11, 4, 5, 7, 10, 9], 9: [12, 14, 6, 10, 7, 8, 9]}), 10: defaultdict(<function <lambda>.<locals>.<lambda>.<locals>.<lambda> at 0x7f836558ec20>, {0: [12, 9, 10], 1: [12, 14, 13, 9, 10], 2: [12, 11, 13, 9, 10], 3: [12, 9, 8, 7, 10], 4: [12, 14, 6, 10], 5: [12, 14, 13, 9, 8, 7, 10], 6: [12, 9, 13, 14, 6, 10], 7: [12, 11, 13, 14, 6, 10], 8: [12, 11, 13, 9, 8, 7, 10], 9: [12, 9, 8, 7, 5, 6, 10]}), 11: defaultdict(<function <lambda>.<locals>.<lambda>.<locals>.<lambda> at 0x7f836558ecb0>, {0: [12, 11], 1: [12, 14, 13, 11], 2: [12, 9, 13, 11], 3: [12, 9, 10, 6, 14, 13, 11], 4: [12, 14, 6, 10, 9, 13, 11], 5: [12, 9, 8, 7, 5, 4, 11], 6: [12, 14, 13, 9, 8, 7, 5, 4, 11], 7: [12, 9, 10, 7, 5, 4, 11], 8: [12, 9, 10, 6, 5, 4, 11], 9: [12, 14, 6, 5, 4, 11]}), 13: defaultdict(<function <lambda>.<locals>.<lambda>.<locals>.<lambda> at 0x7f836558ed40>, {0: [12, 14, 13], 1: [12, 9, 13], 2: [12, 11, 13], 3: [12, 9, 10, 6, 14, 13], 4: [12, 14, 6, 10, 9, 13], 5: [12, 11, 4, 5, 7, 8, 9, 13], 6: [12, 9, 8, 7, 5, 6, 14, 13], 7: [12, 14, 6, 5, 7, 8, 9, 13], 8: [12, 9, 8, 7, 5, 4, 11, 13], 9: [12, 9, 10, 7, 5, 6, 14, 13]}), 14: defaultdict(<function <lambda>.<locals>.<lambda>.<locals>.<lambda> at 0x7f836558edd0>, {0: [12, 14], 1: [12, 9, 13, 14], 2: [12, 11, 13, 14], 3: [12, 9, 10, 6, 14], 4: [12, 11, 13, 9, 10, 6, 14], 5: [12, 9, 8, 7, 5, 6, 14], 6: [12, 11, 4, 5, 7, 8, 9, 13, 14], 7: [12, 9, 8, 7, 5, 4, 11, 13, 14], 8: [12, 9, 10, 7, 5, 6, 14], 9: [12, 9, 8, 7, 10, 6, 14]})}), 13: defaultdict(<function <lambda>.<locals>.<lambda> at 0x7f836558ee60>, {1: defaultdict(<function <lambda>.<locals>.<lambda>.<locals>.<lambda> at 0x7f836558eef0>, {0: [13, 9, 8, 1], 1: [13, 14, 12, 9, 8, 1], 2: [13, 11, 4, 2, 1], 3: [13, 9, 8, 7, 5, 4, 2, 1], 4: [13, 14, 12, 11, 4, 2, 1], 5: [13, 11, 12, 9, 8, 1], 6: [13, 9, 12, 11, 4, 2, 1], 7: [13, 14, 6, 3, 1], 8: [13, 14, 12, 9, 8, 7, 5, 4, 2, 1], 9: [13, 9, 10, 6, 3, 1]}), 2: defaultdict(<function <lambda>.<locals>.<lambda>.<locals>.<lambda> at 0x7f836558ef80>, {0: [13, 11, 4, 2], 1: [13, 14, 12, 11, 4, 2], 2: [13, 9, 8, 7, 5, 4, 2], 3: [13, 9, 12, 11, 4, 2], 4: [13, 14, 12, 9, 8, 7, 5, 4, 2], 5: [13, 14, 6, 3, 2], 6: [13, 9, 10, 7, 5, 4, 2], 7: [13, 9, 8, 1, 2], 8: [13, 14, 6, 5, 4, 2], 9: [13, 9, 10, 6, 3, 2]}), 3: defaultdict(<function <lambda>.<locals>.<lambda>.<locals>.<lambda> at 0x7f836558f010>, {0: [13, 14, 6, 3], 1: [13, 9, 10, 6, 3], 2: [13, 11, 4, 2, 3], 3: [13, 14, 12, 9, 10, 6, 3], 4: [13, 9, 8, 7, 5, 4, 2, 3], 5: [13, 14, 12, 11, 4, 2, 3], 6: [13, 9, 12, 14, 6, 3], 7: [13, 9, 12, 11, 4, 2, 3], 8: [13, 14, 12, 9, 8, 7, 5, 4, 2, 3], 9: [13, 9, 10, 7, 5, 4, 2, 3]}), 4: defaultdict(<function <lambda>.<locals>.<lambda>.<locals>.<lambda> at 0x7f836558f0a0>, {0: [13, 11, 4], 1: [13, 14, 12, 11, 4], 2: [13, 9, 8, 7, 5, 4], 3: [13, 9, 12, 11, 4], 4: [13, 14, 12, 9, 8, 7, 5, 4], 5: [13, 9, 10, 7, 5, 4], 6: [13, 14, 6, 5, 4], 7: [13, 9, 10, 6, 5, 4], 8: [13, 14, 12, 9, 10, 7, 5, 4], 9: [13, 11, 12, 9, 8, 7, 5, 4]}), 5: defaultdict(<function <lambda>.<locals>.<lambda>.<locals>.<lambda> at 0x7f836558f130>, {0: [13, 9, 8, 7, 5], 1: [13, 14, 12, 9, 8, 7, 5], 2: [13, 9, 10, 7, 5], 3: [13, 14, 6, 5], 4: [13, 11, 4, 5], 5: [13, 9, 10, 6, 5], 6: [13, 14, 12, 9, 10, 7, 5], 7: [13, 14, 12, 11, 4, 5], 8: [13, 9, 12, 11, 4, 5], 9: [13, 11, 12, 9, 8, 7, 5]}), 6: defaultdict(<function <lambda>.<locals>.<lambda>.<locals>.<lambda> at 0x7f836558f1c0>, {0: [13, 14, 6], 1: [13, 9, 10, 6], 2: [13, 14, 12, 9, 10, 6], 3: [13, 9, 12, 14, 6], 4: [13, 11, 12, 14, 6], 5: [13, 11, 12, 9, 10, 6], 6: [13, 9, 8, 7, 5, 6], 7: [13, 14, 12, 9, 8, 7, 5, 6], 8: [13, 9, 10, 7, 5, 6], 9: [13, 9, 8, 7, 10, 6]}), 7: defaultdict(<function <lambda>.<locals>.<lambda>.<locals>.<lambda> at 0x7f836558f250>, {0: [13, 9, 8, 7], 1: [13, 14, 12, 9, 8, 7], 2: [13, 9, 10, 7], 3: [13, 14, 12, 9, 10, 7], 4: [13, 11, 12, 9, 8, 7], 5: [13, 14, 6, 5, 7], 6: [13, 11, 12, 9, 10, 7], 7: [13, 9, 10, 6, 5, 7], 8: [13, 11, 4, 5, 7], 9: [13, 14, 12, 11, 4, 5, 7]}), 8: defaultdict(<function <lambda>.<locals>.<lambda>.<locals>.<lambda> at 0x7f836558f2e0>, {0: [13, 9, 8], 1: [13, 14, 12, 9, 8], 2: [13, 11, 12, 9, 8], 3: [13, 9, 10, 7, 8], 4: [13, 14, 12, 9, 10, 7, 8], 5: [13, 14, 6, 5, 7, 8], 6: [13, 11, 12, 9, 10, 7, 8], 7: [13, 14, 6, 10, 9, 8], 8: [13, 11, 4, 5, 7, 8], 9: [13, 9, 10, 6, 5, 7, 8]}), 9: defaultdict(<function <lambda>.<locals>.<lambda>.<locals>.<lambda> at 0x7f836558f370>, {0: [13, 9], 1: [13, 14, 12, 9], 2: [13, 11, 12, 9], 3: [13, 14, 6, 10, 9], 4: [13, 11, 12, 14, 6, 10, 9], 5: [13, 14, 6, 5, 7, 8, 9], 6: [13, 11, 4, 5, 7, 8, 9], 7: [13, 14, 12, 11, 4, 5, 7, 8, 9], 8: [13, 14, 6, 10, 7, 8, 9], 9: [13, 14, 6, 5, 7, 10, 9]}), 10: defaultdict(<function <lambda>.<locals>.<lambda>.<locals>.<lambda> at 0x7f836558f400>, {0: [13, 9, 10], 1: [13, 14, 12, 9, 10], 2: [13, 11, 12, 9, 10], 3: [13, 14, 6, 10], 4: [13, 9, 8, 7, 10], 5: [13, 14, 12, 9, 8, 7, 10], 6: [13, 9, 12, 14, 6, 10], 7: [13, 11, 12, 14, 6, 10], 8: [13, 11, 12, 9, 8, 7, 10], 9: [13, 9, 8, 7, 5, 6, 10]}), 11: defaultdict(<function <lambda>.<locals>.<lambda>.<locals>.<lambda> at 0x7f836558f490>, {0: [13, 11], 1: [13, 14, 12, 11], 2: [13, 9, 12, 11], 3: [13, 14, 6, 10, 9, 12, 11], 4: [13, 9, 10, 6, 14, 12, 11], 5: [13, 9, 8, 7, 5, 4, 11], 6: [13, 14, 12, 9, 8, 7, 5, 4, 11], 7: [13, 9, 10, 7, 5, 4, 11], 8: [13, 14, 6, 5, 4, 11], 9: [13, 9, 10, 6, 5, 4, 11]}), 12: defaultdict(<function <lambda>.<locals>.<lambda>.<locals>.<lambda> at 0x7f836558f520>, {0: [13, 14, 12], 1: [13, 9, 12], 2: [13, 11, 12], 3: [13, 14, 6, 10, 9, 12], 4: [13, 9, 10, 6, 14, 12], 5: [13, 14, 6, 5, 7, 8, 9, 12], 6: [13, 9, 8, 7, 5, 4, 11, 12], 7: [13, 11, 4, 5, 7, 8, 9, 12], 8: [13, 9, 8, 7, 5, 6, 14, 12], 9: [13, 14, 6, 10, 7, 8, 9, 12]}), 14: defaultdict(<function <lambda>.<locals>.<lambda>.<locals>.<lambda> at 0x7f836558f5b0>, {0: [13, 14], 1: [13, 9, 12, 14], 2: [13, 11, 12, 14], 3: [13, 9, 10, 6, 14], 4: [13, 11, 12, 9, 10, 6, 14], 5: [13, 9, 8, 7, 5, 6, 14], 6: [13, 9, 8, 7, 5, 4, 11, 12, 14], 7: [13, 11, 4, 5, 7, 8, 9, 12, 14], 8: [13, 9, 10, 7, 5, 6, 14], 9: [13, 9, 8, 7, 10, 6, 14]})}), 14: defaultdict(<function <lambda>.<locals>.<lambda> at 0x7f836558f640>, {1: defaultdict(<function <lambda>.<locals>.<lambda>.<locals>.<lambda> at 0x7f836558f6d0>, {0: [14, 13, 9, 8, 1], 1: [14, 12, 9, 8, 1], 2: [14, 13, 11, 4, 2, 1], 3: [14, 12, 11, 4, 2, 1], 4: [14, 13, 9, 8, 7, 5, 4, 2, 1], 5: [14, 13, 11, 12, 9, 8, 1], 6: [14, 13, 9, 12, 11, 4, 2, 1], 7: [14, 6, 3, 1], 8: [14, 12, 9, 8, 7, 5, 4, 2, 1], 9: [14, 12, 11, 13, 9, 8, 1]}), 2: defaultdict(<function <lambda>.<locals>.<lambda>.<locals>.<lambda> at 0x7f836558f760>, {0: [14, 13, 11, 4, 2], 1: [14, 12, 11, 4, 2], 2: [14, 13, 9, 8, 7, 5, 4, 2], 3: [14, 12, 9, 8, 7, 5, 4, 2], 4: [14, 13, 9, 12, 11, 4, 2], 5: [14, 6, 3, 2], 6: [14, 12, 9, 13, 11, 4, 2], 7: [14, 6, 5, 4, 2], 8: [14, 13, 9, 10, 7, 5, 4, 2], 9: [14, 13, 9, 8, 1, 2]}), 3: defaultdict(<function <lambda>.<locals>.<lambda>.<locals>.<lambda> at 0x7f836558f7f0>, {0: [14, 6, 3], 1: [14, 13, 9, 10, 6, 3], 2: [14, 12, 9, 10, 6, 3], 3: [14, 13, 11, 4, 2, 3], 4: [14, 12, 11, 4, 2, 3], 5: [14, 13, 9, 8, 7, 5, 4, 2, 3], 6: [14, 12, 9, 8, 7, 5, 4, 2, 3], 7: [14, 13, 9, 12, 11, 4, 2, 3], 8: [14, 6, 5, 4, 2, 3], 9: [14, 12, 9, 13, 11, 4, 2, 3]}), 4: defaultdict(<function <lambda>.<locals>.<lambda>.<locals>.<lambda> at 0x7f836558f880>, {0: [14, 13, 11, 4], 1: [14, 12, 11, 4], 2: [14, 13, 9, 8, 7, 5, 4], 3: [14, 12, 9, 8, 7, 5, 4], 4: [14, 13, 9, 12, 11, 4], 5: [14, 6, 5, 4], 6: [14, 12, 9, 13, 11, 4], 7: [14, 13, 9, 10, 7, 5, 4], 8: [14, 12, 9, 10, 7, 5, 4], 9: [14, 13, 9, 10, 6, 5, 4]}), 5: defaultdict(<function <lambda>.<locals>.<lambda>.<locals>.<lambda> at 0x7f836558f910>, {0: [14, 13, 9, 8, 7, 5], 1: [14, 12, 9, 8, 7, 5], 2: [14, 6, 5], 3: [14, 13, 9, 10, 7, 5], 4: [14, 12, 9, 10, 7, 5], 5: [14, 13, 11, 4, 5], 6: [14, 12, 11, 4, 5], 7: [14, 13, 9, 10, 6, 5], 8: [14, 12, 9, 10, 6, 5], 9: [14, 13, 9, 12, 11, 4, 5]}), 6: defaultdict(<function <lambda>.<locals>.<lambda>.<locals>.<lambda> at 0x7f836558f9a0>, {0: [14, 6], 1: [14, 13, 9, 10, 6], 2: [14, 12, 9, 10, 6], 3: [14, 13, 11, 12, 9, 10, 6], 4: [14, 13, 9, 8, 7, 5, 6], 5: [14, 12, 11, 13, 9, 10, 6], 6: [14, 12, 9, 8, 7, 5, 6], 7: [14, 13, 9, 10, 7, 5, 6], 8: [14, 13, 9, 8, 7, 10, 6], 9: [14, 12, 9, 10, 7, 5, 6]}), 7: defaultdict(<function <lambda>.<locals>.<lambda>.<locals>.<lambda> at 0x7f836558fa30>, {0: [14, 13, 9, 8, 7], 1: [14, 12, 9, 8, 7], 2: [14, 13, 9, 10, 7], 3: [14, 12, 9, 10, 7], 4: [14, 13, 11, 12, 9, 8, 7], 5: [14, 12, 11, 13, 9, 8, 7], 6: [14, 6, 5, 7], 7: [14, 13, 11, 12, 9, 10, 7], 8: [14, 13, 9, 10, 6, 5, 7], 9: [14, 13, 11, 4, 5, 7]}), 8: defaultdict(<function <lambda>.<locals>.<lambda>.<locals>.<lambda> at 0x7f836558fac0>, {0: [14, 13, 9, 8], 1: [14, 12, 9, 8], 2: [14, 13, 11, 12, 9, 8], 3: [14, 12, 11, 13, 9, 8], 4: [14, 13, 9, 10, 7, 8], 5: [14, 12, 9, 10, 7, 8], 6: [14, 6, 5, 7, 8], 7: [14, 6, 10, 9, 8], 8: [14, 13, 11, 12, 9, 10, 7, 8], 9: [14, 13, 11, 4, 5, 7, 8]}), 9: defaultdict(<function <lambda>.<locals>.<lambda>.<locals>.<lambda> at 0x7f836558fb50>, {0: [14, 13, 9], 1: [14, 12, 9], 2: [14, 13, 11, 12, 9], 3: [14, 12, 11, 13, 9], 4: [14, 6, 10, 9], 5: [14, 6, 5, 7, 8, 9], 6: [14, 13, 11, 4, 5, 7, 8, 9], 7: [14, 12, 11, 4, 5, 7, 8, 9], 8: [14, 6, 10, 7, 8, 9], 9: [14, 6, 5, 7, 10, 9]}), 10: defaultdict(<function <lambda>.<locals>.<lambda>.<locals>.<lambda> at 0x7f836558fbe0>, {0: [14, 13, 9, 10], 1: [14, 12, 9, 10], 2: [14, 13, 11, 12, 9, 10], 3: [14, 12, 11, 13, 9, 10], 4: [14, 6, 10], 5: [14, 13, 9, 8, 7, 10], 6: [14, 12, 9, 8, 7, 10], 7: [14, 13, 11, 12, 9, 8, 7, 10], 8: [14, 12, 11, 13, 9, 8, 7, 10], 9: [14, 13, 9, 8, 7, 5, 6, 10]}), 11: defaultdict(<function <lambda>.<locals>.<lambda>.<locals>.<lambda> at 0x7f836558fc70>, {0: [14, 13, 11], 1: [14, 12, 11], 2: [14, 13, 9, 12, 11], 3: [14, 12, 9, 13, 11], 4: [14, 6, 10, 9, 12, 11], 5: [14, 6, 10, 9, 13, 11], 6: [14, 13, 9, 8, 7, 5, 4, 11], 7: [14, 12, 9, 8, 7, 5, 4, 11], 8: [14, 6, 5, 4, 11], 9: [14, 13, 9, 10, 7, 5, 4, 11]}), 12: defaultdict(<function <lambda>.<locals>.<lambda>.<locals>.<lambda> at 0x7f836558fd00>, {0: [14, 12], 1: [14, 13, 9, 12], 2: [14, 13, 11, 12], 3: [14, 6, 10, 9, 12], 4: [14, 6, 10, 9, 13, 11, 12], 5: [14, 6, 5, 7, 8, 9, 12], 6: [14, 13, 9, 8, 7, 5, 4, 11, 12], 7: [14, 13, 11, 4, 5, 7, 8, 9, 12], 8: [14, 6, 10, 7, 8, 9, 12], 9: [14, 6, 5, 7, 10, 9, 12]}), 13: defaultdict(<function <lambda>.<locals>.<lambda>.<locals>.<lambda> at 0x7f836558fd90>, {0: [14, 13], 1: [14, 12, 9, 13], 2: [14, 12, 11, 13], 3: [14, 6, 10, 9, 13], 4: [14, 6, 10, 9, 12, 11, 13], 5: [14, 6, 5, 7, 8, 9, 13], 6: [14, 12, 11, 4, 5, 7, 8, 9, 13], 7: [14, 12, 9, 8, 7, 5, 4, 11, 13], 8: [14, 6, 10, 7, 8, 9, 13], 9: [14, 6, 5, 7, 10, 9, 13]})})})
/Users/emil/opt/anaconda3/envs/emilsenv/lib/python3.10/site-packages/tensorflow/python/keras/engine/base_layer_v1.py:1694: UserWarning: `layer.apply` is deprecated and will be removed in a future version. Please use `layer.__call__` method instead.
  warnings.warn('`layer.apply` is deprecated and '
/Users/emil/opt/anaconda3/envs/emilsenv/lib/python3.10/site-packages/tensorflow/python/keras/engine/base_layer_v1.py:1694: UserWarning: `layer.apply` is deprecated and will be removed in a future version. Please use `layer.__call__` method instead.
  warnings.warn('`layer.apply` is deprecated and '
/Users/emil/opt/anaconda3/envs/emilsenv/lib/python3.10/site-packages/tensorflow/python/keras/engine/base_layer_v1.py:1694: UserWarning: `layer.apply` is deprecated and will be removed in a future version. Please use `layer.__call__` method instead.
  warnings.warn('`layer.apply` is deprecated and '
Starting agent_0
Starting agent_1
Starting agent_2
Starting agent_3
Traceback (most recent call last):
  File "/Users/emil/Documents/MyRMSA/My_DeepRMSA_Agent.py", line 926, in rmsa
    bp = num_blocks / episode_step_count
ZeroDivisionError: division by zero
During handling of the above exception, another exception occurred:
Traceback (most recent call last):
  File "/Users/emil/opt/anaconda3/envs/emilsenv/lib/python3.10/threading.py", line 953, in run
Traceback (most recent call last):
  File "/Users/emil/Documents/MyRMSA/My_DeepRMSA_Agent.py", line 926, in rmsa
    bp = num_blocks / episode_step_count
    ZeroDivisionError: self._target(*self._args, **self._kwargs)division by zero
  File "/Users/emil/Documents/MyRMSA/My_Deep_RMSA_A3C.py", line 264, in agent_rmsa
During handling of the above exception, another exception occurred:
Traceback (most recent call last):
  File "/Users/emil/opt/anaconda3/envs/emilsenv/lib/python3.10/threading.py", line 953, in run
    agent.rmsa(sess, coord, saver)
  File "/Users/emil/Documents/MyRMSA/My_DeepRMSA_Agent.py", line 725, in rmsa
    self._target(*self._args, **self._kwargs)
  File "/Users/emil/Documents/MyRMSA/My_Deep_RMSA_A3C.py", line 264, in agent_rmsa
        agent.rmsa(sess, coord, saver)with sess.as_default(), sess.graph.as_default():
TypeError:   File "/Users/emil/Documents/MyRMSA/My_DeepRMSA_Agent.py", line 725, in rmsa
'ZeroDivisionError' object is not callable
    with sess.as_default(), sess.graph.as_default():
TypeError: 'ZeroDivisionError' object is not callable
stored successfully!
Traceback (most recent call last):
  File "/Users/emil/Documents/MyRMSA/My_DeepRMSA_Agent.py", line 926, in rmsa
    bp = num_blocks / episode_step_count
ZeroDivisionError: division by zero
During handling of the above exception, another exception occurred:
Traceback (most recent call last):
  File "/Users/emil/opt/anaconda3/envs/emilsenv/lib/python3.10/threading.py", line 953, in run
    self._target(*self._args, **self._kwargs)
  File "/Users/emil/Documents/MyRMSA/My_Deep_RMSA_A3C.py", line 264, in agent_rmsa
    agent.rmsa(sess, coord, saver)
  File "/Users/emil/Documents/MyRMSA/My_DeepRMSA_Agent.py", line 725, in rmsa
    with sess.as_default(), sess.graph.as_default():
TypeError: 'ZeroDivisionError' object is not callable
Test successful
Blocking probability: 0.0
Exception in thread Exception in thread Thread-9 (agent_rmsa)Thread-10 (agent_rmsa):
Traceback (most recent call last):
  File "/Users/emil/Documents/MyRMSA/My_DeepRMSA_Agent.py", line 926, in rmsa
    bp = num_blocks / episode_step_count
ZeroDivisionError: division by zero
Exception in thread :
During handling of the above exception, another exception occurred:
Thread-11 (agent_rmsa)Traceback (most recent call last):
Traceback (most recent call last):
  File "/Users/emil/opt/anaconda3/envs/emilsenv/lib/python3.10/threading.py", line 1016, in _bootstrap_inner
  File "/Users/emil/Documents/MyRMSA/My_DeepRMSA_Agent.py", line 926, in rmsa
:
Traceback (most recent call last):
      File "/Users/emil/Documents/MyRMSA/My_DeepRMSA_Agent.py", line 926, in rmsa
    bp = num_blocks / episode_step_countself.run()
bp = num_blocks / episode_step_countZeroDivisionError  File "/Users/emil/opt/anaconda3/envs/emilsenv/lib/python3.10/threading.py", line 953, in run
: ZeroDivisionError    division by zero: self._target(*self._args, **self._kwargs)
Traceback (most recent call last):
division by zero
During handling of the above exception, another exception occurred:
  File "/Users/emil/Documents/MyRMSA/My_DeepRMSA_Agent.py", line 926, in rmsa
  File "/Users/emil/Documents/MyRMSA/My_Deep_RMSA_A3C.py", line 264, in agent_rmsa
Traceback (most recent call last):
During handling of the above exception, another exception occurred:
  File "/Users/emil/opt/anaconda3/envs/emilsenv/lib/python3.10/threading.py", line 1016, in _bootstrap_inner
        Traceback (most recent call last):
    agent.rmsa(sess, coord, saver)bp = num_blocks / episode_step_count  File "/Users/emil/opt/anaconda3/envs/emilsenv/lib/python3.10/threading.py", line 1016, in _bootstrap_inner
self.run()
      File "/Users/emil/Documents/MyRMSA/My_DeepRMSA_Agent.py", line 725, in rmsa
ZeroDivisionError  File "/Users/emil/opt/anaconda3/envs/emilsenv/lib/python3.10/threading.py", line 953, in run
self.run():
division by zerowith sess.as_default(), sess.graph.as_default():self._target(*self._args, **self._kwargs)  File "/Users/emil/opt/anaconda3/envs/emilsenv/lib/python3.10/threading.py", line 953, in run
During handling of the above exception, another exception occurred:
    TypeError  File "/Users/emil/Documents/MyRMSA/My_Deep_RMSA_A3C.py", line 264, in agent_rmsa
Traceback (most recent call last):
self._target(*self._args, **self._kwargs):   File "/Users/emil/opt/anaconda3/envs/emilsenv/lib/python3.10/threading.py", line 953, in run
'ZeroDivisionError' object is not callableagent.rmsa(sess, coord, saver)  File "/Users/emil/Documents/MyRMSA/My_Deep_RMSA_A3C.py", line 264, in agent_rmsa
self._target(*self._args, **self._kwargs)      File "/Users/emil/Documents/MyRMSA/My_DeepRMSA_Agent.py", line 725, in rmsa
agent.rmsa(sess, coord, saver)  File "/Users/emil/Documents/MyRMSA/My_Deep_RMSA_A3C.py", line 264, in agent_rmsa
      File "/Users/emil/Documents/MyRMSA/My_DeepRMSA_Agent.py", line 725, in rmsa
    with sess.as_default(), sess.graph.as_default():agent.rmsa(sess, coord, saver)
TypeErrorwith sess.as_default(), sess.graph.as_default():  File "/Users/emil/Documents/MyRMSA/My_DeepRMSA_Agent.py", line 725, in rmsa
:
'ZeroDivisionError' object is not callable
TypeErrorwith sess.as_default(), sess.graph.as_default()::
'ZeroDivisionError' object is not callableTypeError:
'ZeroDivisionError' object is not callable
Exception in thread Thread-8 (agent_rmsa):
Traceback (most recent call last):
  File "/Users/emil/Documents/MyRMSA/My_DeepRMSA_Agent.py", line 926, in rmsa
    bp = num_blocks / episode_step_count
ZeroDivisionError: division by zero
During handling of the above exception, another exception occurred:
Traceback (most recent call last):
  File "/Users/emil/opt/anaconda3/envs/emilsenv/lib/python3.10/threading.py", line 1016, in _bootstrap_inner
    self.run()
  File "/Users/emil/opt/anaconda3/envs/emilsenv/lib/python3.10/threading.py", line 953, in run
    self._target(*self._args, **self._kwargs)
  File "/Users/emil/Documents/MyRMSA/My_Deep_RMSA_A3C.py", line 264, in agent_rmsa
    agent.rmsa(sess, coord, saver)
  File "/Users/emil/Documents/MyRMSA/My_DeepRMSA_Agent.py", line 725, in rmsa
    with sess.as_default(), sess.graph.as_default():
TypeError: 'ZeroDivisionError' object is not callable